[1.985s] DEBUG:colcon:Command line arguments: ['/usr/bin/colcon', 'build']
[1.985s] DEBUG:colcon:Parsed command line arguments: Namespace(allow_overriding=[], ament_cmake_args=None, base_paths=['.'], build_base='build', catkin_cmake_args=None, catkin_skip_building_tests=False, cmake_args=None, cmake_clean_cache=False, cmake_clean_first=False, cmake_force_configure=False, cmake_target=None, cmake_target_skip_unavailable=False, continue_on_error=False, event_handlers=None, executor='parallel', ignore_user_meta=False, install_base='install', log_base=None, log_level=None, main=<bound method BuildVerb.main of <colcon_core.verb.build.BuildVerb object at 0x7faa3a4eeb20>>, merge_install=False, metas=['./colcon.meta'], packages_above=None, packages_above_and_dependencies=None, packages_above_depth=None, packages_end=None, packages_ignore=None, packages_ignore_regex=None, packages_select=None, packages_select_build_failed=False, packages_select_by_dep=None, packages_select_regex=None, packages_select_test_failures=False, packages_skip=None, packages_skip_build_finished=False, packages_skip_by_dep=None, packages_skip_regex=None, packages_skip_test_passed=False, packages_skip_up_to=None, packages_start=None, packages_up_to=None, packages_up_to_regex=None, parallel_workers=8, paths=None, symlink_install=False, test_result_base=None, verb_extension=<colcon_core.verb.build.BuildVerb object at 0x7faa3a4eeb20>, verb_name='build', verb_parser=<colcon_defaults.argument_parser.defaults.DefaultArgumentsDecorator object at 0x7faa3a58e490>)
[2.091s] Level 1:colcon.colcon_core.package_discovery:discover_packages(colcon_meta) check parameters
[2.091s] Level 1:colcon.colcon_core.package_discovery:discover_packages(recursive) check parameters
[2.091s] Level 1:colcon.colcon_core.package_discovery:discover_packages(ignore) check parameters
[2.091s] Level 1:colcon.colcon_core.package_discovery:discover_packages(path) check parameters
[2.091s] Level 1:colcon.colcon_core.package_discovery:discover_packages(colcon_meta) discover
[2.091s] Level 1:colcon.colcon_core.package_discovery:discover_packages(recursive) discover
[2.091s] INFO:colcon.colcon_core.package_discovery:Crawling recursively for packages in '/home/sanan/Desktop/dev_ws'
[2.091s] Level 1:colcon.colcon_core.package_identification:_identify(.) by extensions ['ignore', 'ignore_ament_install']
[2.091s] Level 1:colcon.colcon_core.package_identification:_identify(.) by extension 'ignore'
[2.091s] Level 1:colcon.colcon_core.package_identification:_identify(.) by extension 'ignore_ament_install'
[2.092s] Level 1:colcon.colcon_core.package_identification:_identify(.) by extensions ['colcon_pkg']
[2.092s] Level 1:colcon.colcon_core.package_identification:_identify(.) by extension 'colcon_pkg'
[2.092s] Level 1:colcon.colcon_core.package_identification:_identify(.) by extensions ['colcon_meta']
[2.092s] Level 1:colcon.colcon_core.package_identification:_identify(.) by extension 'colcon_meta'
[2.092s] Level 1:colcon.colcon_core.package_identification:_identify(.) by extensions ['ros']
[2.092s] Level 1:colcon.colcon_core.package_identification:_identify(.) by extension 'ros'
[2.104s] Level 1:colcon.colcon_core.package_identification:_identify(.) by extensions ['cmake', 'python']
[2.104s] Level 1:colcon.colcon_core.package_identification:_identify(.) by extension 'cmake'
[2.104s] Level 1:colcon.colcon_core.package_identification:_identify(.) by extension 'python'
[2.104s] Level 1:colcon.colcon_core.package_identification:_identify(.) by extensions ['python_setup_py']
[2.104s] Level 1:colcon.colcon_core.package_identification:_identify(.) by extension 'python_setup_py'
[2.105s] Level 1:colcon.colcon_core.package_identification:_identify(build) by extensions ['ignore', 'ignore_ament_install']
[2.105s] Level 1:colcon.colcon_core.package_identification:_identify(build) by extension 'ignore'
[2.105s] Level 1:colcon.colcon_core.package_identification:_identify(build) ignored
[2.105s] Level 1:colcon.colcon_core.package_identification:_identify(install) by extensions ['ignore', 'ignore_ament_install']
[2.105s] Level 1:colcon.colcon_core.package_identification:_identify(install) by extension 'ignore'
[2.105s] Level 1:colcon.colcon_core.package_identification:_identify(install) ignored
[2.105s] Level 1:colcon.colcon_core.package_identification:_identify(log) by extensions ['ignore', 'ignore_ament_install']
[2.105s] Level 1:colcon.colcon_core.package_identification:_identify(log) by extension 'ignore'
[2.105s] Level 1:colcon.colcon_core.package_identification:_identify(log) ignored
[2.105s] Level 1:colcon.colcon_core.package_identification:_identify(src) by extensions ['ignore', 'ignore_ament_install']
[2.105s] Level 1:colcon.colcon_core.package_identification:_identify(src) by extension 'ignore'
[2.105s] Level 1:colcon.colcon_core.package_identification:_identify(src) by extension 'ignore_ament_install'
[2.105s] Level 1:colcon.colcon_core.package_identification:_identify(src) by extensions ['colcon_pkg']
[2.105s] Level 1:colcon.colcon_core.package_identification:_identify(src) by extension 'colcon_pkg'
[2.105s] Level 1:colcon.colcon_core.package_identification:_identify(src) by extensions ['colcon_meta']
[2.105s] Level 1:colcon.colcon_core.package_identification:_identify(src) by extension 'colcon_meta'
[2.106s] Level 1:colcon.colcon_core.package_identification:_identify(src) by extensions ['ros']
[2.106s] Level 1:colcon.colcon_core.package_identification:_identify(src) by extension 'ros'
[2.106s] Level 1:colcon.colcon_core.package_identification:_identify(src) by extensions ['cmake', 'python']
[2.106s] Level 1:colcon.colcon_core.package_identification:_identify(src) by extension 'cmake'
[2.106s] Level 1:colcon.colcon_core.package_identification:_identify(src) by extension 'python'
[2.106s] Level 1:colcon.colcon_core.package_identification:_identify(src) by extensions ['python_setup_py']
[2.106s] Level 1:colcon.colcon_core.package_identification:_identify(src) by extension 'python_setup_py'
[2.106s] Level 1:colcon.colcon_core.package_identification:_identify(src/basic_mobile_robot) by extensions ['ignore', 'ignore_ament_install']
[2.106s] Level 1:colcon.colcon_core.package_identification:_identify(src/basic_mobile_robot) by extension 'ignore'
[2.106s] Level 1:colcon.colcon_core.package_identification:_identify(src/basic_mobile_robot) by extension 'ignore_ament_install'
[2.106s] Level 1:colcon.colcon_core.package_identification:_identify(src/basic_mobile_robot) by extensions ['colcon_pkg']
[2.106s] Level 1:colcon.colcon_core.package_identification:_identify(src/basic_mobile_robot) by extension 'colcon_pkg'
[2.106s] Level 1:colcon.colcon_core.package_identification:_identify(src/basic_mobile_robot) by extensions ['colcon_meta']
[2.106s] Level 1:colcon.colcon_core.package_identification:_identify(src/basic_mobile_robot) by extension 'colcon_meta'
[2.106s] Level 1:colcon.colcon_core.package_identification:_identify(src/basic_mobile_robot) by extensions ['ros']
[2.106s] Level 1:colcon.colcon_core.package_identification:_identify(src/basic_mobile_robot) by extension 'ros'
[2.109s] DEBUG:colcon.colcon_core.package_identification:Package 'src/basic_mobile_robot' with type 'ros.ament_cmake' and name 'basic_mobile_robot'
[2.109s] Level 1:colcon.colcon_core.package_identification:_identify(src/my_box_bot_gazebo) by extensions ['ignore', 'ignore_ament_install']
[2.110s] Level 1:colcon.colcon_core.package_identification:_identify(src/my_box_bot_gazebo) by extension 'ignore'
[2.110s] Level 1:colcon.colcon_core.package_identification:_identify(src/my_box_bot_gazebo) by extension 'ignore_ament_install'
[2.110s] Level 1:colcon.colcon_core.package_identification:_identify(src/my_box_bot_gazebo) by extensions ['colcon_pkg']
[2.110s] Level 1:colcon.colcon_core.package_identification:_identify(src/my_box_bot_gazebo) by extension 'colcon_pkg'
[2.110s] Level 1:colcon.colcon_core.package_identification:_identify(src/my_box_bot_gazebo) by extensions ['colcon_meta']
[2.110s] Level 1:colcon.colcon_core.package_identification:_identify(src/my_box_bot_gazebo) by extension 'colcon_meta'
[2.110s] Level 1:colcon.colcon_core.package_identification:_identify(src/my_box_bot_gazebo) by extensions ['ros']
[2.110s] Level 1:colcon.colcon_core.package_identification:_identify(src/my_box_bot_gazebo) by extension 'ros'
[2.111s] DEBUG:colcon.colcon_core.package_identification:Package 'src/my_box_bot_gazebo' with type 'ros.ament_cmake' and name 'my_box_bot_gazebo'
[2.111s] Level 1:colcon.colcon_core.package_discovery:discover_packages(recursive) using defaults
[2.111s] Level 1:colcon.colcon_core.package_discovery:discover_packages(ignore) discover
[2.111s] Level 1:colcon.colcon_core.package_discovery:discover_packages(ignore) using defaults
[2.111s] Level 1:colcon.colcon_core.package_discovery:discover_packages(path) discover
[2.111s] Level 1:colcon.colcon_core.package_discovery:discover_packages(path) using defaults
[2.304s] Level 1:colcon.colcon_core.package_discovery:discover_packages(prefix_path) check parameters
[2.304s] Level 1:colcon.colcon_core.package_discovery:discover_packages(prefix_path) discover
[2.387s] DEBUG:colcon.colcon_installed_package_information.package_discovery:Found 2 installed packages in /home/sanan/Desktop/dev_ws/install
[2.420s] DEBUG:colcon.colcon_installed_package_information.package_discovery:Found 31 installed packages in /home/sanan/nav2_ws/install
[2.453s] DEBUG:colcon.colcon_installed_package_information.package_discovery:Found 371 installed packages in /opt/ros/foxy
[2.456s] Level 1:colcon.colcon_core.package_discovery:discover_packages(prefix_path) using defaults
[2.637s] Level 5:colcon.colcon_core.verb:set package 'basic_mobile_robot' build argument 'cmake_args' from command line to 'None'
[2.637s] Level 5:colcon.colcon_core.verb:set package 'basic_mobile_robot' build argument 'cmake_target' from command line to 'None'
[2.637s] Level 5:colcon.colcon_core.verb:set package 'basic_mobile_robot' build argument 'cmake_target_skip_unavailable' from command line to 'False'
[2.637s] Level 5:colcon.colcon_core.verb:set package 'basic_mobile_robot' build argument 'cmake_clean_cache' from command line to 'False'
[2.637s] Level 5:colcon.colcon_core.verb:set package 'basic_mobile_robot' build argument 'cmake_clean_first' from command line to 'False'
[2.637s] Level 5:colcon.colcon_core.verb:set package 'basic_mobile_robot' build argument 'cmake_force_configure' from command line to 'False'
[2.637s] Level 5:colcon.colcon_core.verb:set package 'basic_mobile_robot' build argument 'ament_cmake_args' from command line to 'None'
[2.637s] Level 5:colcon.colcon_core.verb:set package 'basic_mobile_robot' build argument 'catkin_cmake_args' from command line to 'None'
[2.637s] Level 5:colcon.colcon_core.verb:set package 'basic_mobile_robot' build argument 'catkin_skip_building_tests' from command line to 'False'
[2.637s] DEBUG:colcon.colcon_core.verb:Building package 'basic_mobile_robot' with the following arguments: {'ament_cmake_args': None, 'build_base': '/home/sanan/Desktop/dev_ws/build/basic_mobile_robot', 'catkin_cmake_args': None, 'catkin_skip_building_tests': False, 'cmake_args': None, 'cmake_clean_cache': False, 'cmake_clean_first': False, 'cmake_force_configure': False, 'cmake_target': None, 'cmake_target_skip_unavailable': False, 'install_base': '/home/sanan/Desktop/dev_ws/install/basic_mobile_robot', 'merge_install': False, 'path': '/home/sanan/Desktop/dev_ws/src/basic_mobile_robot', 'symlink_install': False, 'test_result_base': None}
[2.684s] Level 5:colcon.colcon_core.verb:set package 'my_box_bot_gazebo' build argument 'cmake_args' from command line to 'None'
[2.684s] Level 5:colcon.colcon_core.verb:set package 'my_box_bot_gazebo' build argument 'cmake_target' from command line to 'None'
[2.684s] Level 5:colcon.colcon_core.verb:set package 'my_box_bot_gazebo' build argument 'cmake_target_skip_unavailable' from command line to 'False'
[2.684s] Level 5:colcon.colcon_core.verb:set package 'my_box_bot_gazebo' build argument 'cmake_clean_cache' from command line to 'False'
[2.684s] Level 5:colcon.colcon_core.verb:set package 'my_box_bot_gazebo' build argument 'cmake_clean_first' from command line to 'False'
[2.684s] Level 5:colcon.colcon_core.verb:set package 'my_box_bot_gazebo' build argument 'cmake_force_configure' from command line to 'False'
[2.684s] Level 5:colcon.colcon_core.verb:set package 'my_box_bot_gazebo' build argument 'ament_cmake_args' from command line to 'None'
[2.684s] Level 5:colcon.colcon_core.verb:set package 'my_box_bot_gazebo' build argument 'catkin_cmake_args' from command line to 'None'
[2.684s] Level 5:colcon.colcon_core.verb:set package 'my_box_bot_gazebo' build argument 'catkin_skip_building_tests' from command line to 'False'
[2.684s] DEBUG:colcon.colcon_core.verb:Building package 'my_box_bot_gazebo' with the following arguments: {'ament_cmake_args': None, 'build_base': '/home/sanan/Desktop/dev_ws/build/my_box_bot_gazebo', 'catkin_cmake_args': None, 'catkin_skip_building_tests': False, 'cmake_args': None, 'cmake_clean_cache': False, 'cmake_clean_first': False, 'cmake_force_configure': False, 'cmake_target': None, 'cmake_target_skip_unavailable': False, 'install_base': '/home/sanan/Desktop/dev_ws/install/my_box_bot_gazebo', 'merge_install': False, 'path': '/home/sanan/Desktop/dev_ws/src/my_box_bot_gazebo', 'symlink_install': False, 'test_result_base': None}
[2.713s] INFO:colcon.colcon_core.executor:Executing jobs using 'parallel' executor
[2.744s] DEBUG:colcon.colcon_parallel_executor.executor.parallel:run_until_complete
[2.744s] INFO:colcon.colcon_ros.task.ament_cmake.build:Building ROS package in '/home/sanan/Desktop/dev_ws/src/basic_mobile_robot' with build type 'ament_cmake'
[2.744s] INFO:colcon.colcon_cmake.task.cmake.build:Building CMake package in '/home/sanan/Desktop/dev_ws/src/basic_mobile_robot'
[2.785s] INFO:colcon.colcon_core.plugin_system:Skipping extension 'colcon_core.shell.bat': Not used on non-Windows systems
[2.785s] INFO:colcon.colcon_core.shell:Skip shell extension 'powershell' for command environment: Not usable outside of PowerShell
[2.785s] DEBUG:colcon.colcon_core.shell:Skip shell extension 'dsv' for command environment
[2.938s] DEBUG:colcon.colcon_core.event_handler.log_command:Invoking command in '/home/sanan/Desktop/dev_ws/build/basic_mobile_robot': CMAKE_PREFIX_PATH=${CMAKE_PREFIX_PATH}:/home/sanan/nav2_ws/install/nav2_gazebo_spawner:/opt/ros/foxy /usr/bin/cmake --build /home/sanan/Desktop/dev_ws/build/basic_mobile_robot -- -j8 -l8
[3.033s] DEBUG:colcon.colcon_core.event_handler.log_command:Invoked command in '/home/sanan/Desktop/dev_ws/build/basic_mobile_robot' returned '0': CMAKE_PREFIX_PATH=${CMAKE_PREFIX_PATH}:/home/sanan/nav2_ws/install/nav2_gazebo_spawner:/opt/ros/foxy /usr/bin/cmake --build /home/sanan/Desktop/dev_ws/build/basic_mobile_robot -- -j8 -l8
[3.109s] DEBUG:colcon.colcon_core.event_handler.log_command:Invoking command in '/home/sanan/Desktop/dev_ws/build/basic_mobile_robot': CMAKE_PREFIX_PATH=${CMAKE_PREFIX_PATH}:/home/sanan/nav2_ws/install/nav2_gazebo_spawner:/opt/ros/foxy /usr/bin/cmake --install /home/sanan/Desktop/dev_ws/build/basic_mobile_robot
[3.141s] Level 1:colcon.colcon_core.environment:create_environment_scripts_only(basic_mobile_robot)
[3.141s] DEBUG:colcon.colcon_core.event_handler.log_command:Invoked command in '/home/sanan/Desktop/dev_ws/build/basic_mobile_robot' returned '0': CMAKE_PREFIX_PATH=${CMAKE_PREFIX_PATH}:/home/sanan/nav2_ws/install/nav2_gazebo_spawner:/opt/ros/foxy /usr/bin/cmake --install /home/sanan/Desktop/dev_ws/build/basic_mobile_robot
[3.199s] Level 1:colcon.colcon_core.environment:checking '/home/sanan/Desktop/dev_ws/install/basic_mobile_robot' for CMake module files
[3.200s] Level 1:colcon.colcon_core.environment:checking '/home/sanan/Desktop/dev_ws/install/basic_mobile_robot' for CMake config files
[3.200s] Level 1:colcon.colcon_core.shell:create_environment_hook('basic_mobile_robot', 'cmake_prefix_path')
[3.232s] INFO:colcon.colcon_core.shell:Creating environment hook '/home/sanan/Desktop/dev_ws/install/basic_mobile_robot/share/basic_mobile_robot/hook/cmake_prefix_path.ps1'
[3.234s] INFO:colcon.colcon_core.shell:Creating environment descriptor '/home/sanan/Desktop/dev_ws/install/basic_mobile_robot/share/basic_mobile_robot/hook/cmake_prefix_path.dsv'
[3.234s] INFO:colcon.colcon_core.shell:Creating environment hook '/home/sanan/Desktop/dev_ws/install/basic_mobile_robot/share/basic_mobile_robot/hook/cmake_prefix_path.sh'
[3.235s] Level 1:colcon.colcon_core.environment:checking '/home/sanan/Desktop/dev_ws/install/basic_mobile_robot/bin'
[3.235s] Level 1:colcon.colcon_core.environment:checking '/home/sanan/Desktop/dev_ws/install/basic_mobile_robot/lib/pkgconfig/basic_mobile_robot.pc'
[3.236s] Level 1:colcon.colcon_core.environment:checking '/home/sanan/Desktop/dev_ws/install/basic_mobile_robot/lib/python3.8/site-packages'
[3.236s] Level 1:colcon.colcon_core.environment:checking '/home/sanan/Desktop/dev_ws/install/basic_mobile_robot/bin'
[3.267s] INFO:colcon.colcon_core.shell:Creating package script '/home/sanan/Desktop/dev_ws/install/basic_mobile_robot/share/basic_mobile_robot/package.ps1'
[3.268s] INFO:colcon.colcon_core.shell:Creating package descriptor '/home/sanan/Desktop/dev_ws/install/basic_mobile_robot/share/basic_mobile_robot/package.dsv'
[3.269s] INFO:colcon.colcon_core.shell:Creating package script '/home/sanan/Desktop/dev_ws/install/basic_mobile_robot/share/basic_mobile_robot/package.sh'
[3.270s] INFO:colcon.colcon_core.shell:Creating package script '/home/sanan/Desktop/dev_ws/install/basic_mobile_robot/share/basic_mobile_robot/package.bash'
[3.271s] INFO:colcon.colcon_core.shell:Creating package script '/home/sanan/Desktop/dev_ws/install/basic_mobile_robot/share/basic_mobile_robot/package.zsh'
[3.272s] Level 1:colcon.colcon_core.environment:create_file_with_runtime_dependencies(/home/sanan/Desktop/dev_ws/install/basic_mobile_robot/share/colcon-core/packages/basic_mobile_robot)
[3.362s] Level 1:colcon.colcon_core.environment:create_environment_scripts_only(basic_mobile_robot)
[3.396s] Level 1:colcon.colcon_core.environment:checking '/home/sanan/Desktop/dev_ws/install/basic_mobile_robot' for CMake module files
[3.396s] Level 1:colcon.colcon_core.environment:checking '/home/sanan/Desktop/dev_ws/install/basic_mobile_robot' for CMake config files
[3.397s] Level 1:colcon.colcon_core.shell:create_environment_hook('basic_mobile_robot', 'cmake_prefix_path')
[3.429s] INFO:colcon.colcon_core.shell:Creating environment hook '/home/sanan/Desktop/dev_ws/install/basic_mobile_robot/share/basic_mobile_robot/hook/cmake_prefix_path.ps1'
[3.429s] INFO:colcon.colcon_core.shell:Creating environment descriptor '/home/sanan/Desktop/dev_ws/install/basic_mobile_robot/share/basic_mobile_robot/hook/cmake_prefix_path.dsv'
[3.430s] INFO:colcon.colcon_core.shell:Creating environment hook '/home/sanan/Desktop/dev_ws/install/basic_mobile_robot/share/basic_mobile_robot/hook/cmake_prefix_path.sh'
[3.430s] Level 1:colcon.colcon_core.environment:checking '/home/sanan/Desktop/dev_ws/install/basic_mobile_robot/bin'
[3.430s] Level 1:colcon.colcon_core.environment:checking '/home/sanan/Desktop/dev_ws/install/basic_mobile_robot/lib/pkgconfig/basic_mobile_robot.pc'
[3.431s] Level 1:colcon.colcon_core.environment:checking '/home/sanan/Desktop/dev_ws/install/basic_mobile_robot/lib/python3.8/site-packages'
[3.431s] Level 1:colcon.colcon_core.environment:checking '/home/sanan/Desktop/dev_ws/install/basic_mobile_robot/bin'
[3.462s] INFO:colcon.colcon_core.shell:Creating package script '/home/sanan/Desktop/dev_ws/install/basic_mobile_robot/share/basic_mobile_robot/package.ps1'
[3.463s] INFO:colcon.colcon_core.shell:Creating package descriptor '/home/sanan/Desktop/dev_ws/install/basic_mobile_robot/share/basic_mobile_robot/package.dsv'
[3.463s] INFO:colcon.colcon_core.shell:Creating package script '/home/sanan/Desktop/dev_ws/install/basic_mobile_robot/share/basic_mobile_robot/package.sh'
[3.463s] INFO:colcon.colcon_core.shell:Creating package script '/home/sanan/Desktop/dev_ws/install/basic_mobile_robot/share/basic_mobile_robot/package.bash'
[3.464s] INFO:colcon.colcon_core.shell:Creating package script '/home/sanan/Desktop/dev_ws/install/basic_mobile_robot/share/basic_mobile_robot/package.zsh'
[3.464s] Level 1:colcon.colcon_core.environment:create_file_with_runtime_dependencies(/home/sanan/Desktop/dev_ws/install/basic_mobile_robot/share/colcon-core/packages/basic_mobile_robot)
[3.465s] INFO:colcon.colcon_ros.task.ament_cmake.build:Building ROS package in '/home/sanan/Desktop/dev_ws/src/my_box_bot_gazebo' with build type 'ament_cmake'
[3.465s] INFO:colcon.colcon_cmake.task.cmake.build:Building CMake package in '/home/sanan/Desktop/dev_ws/src/my_box_bot_gazebo'
[3.500s] INFO:colcon.colcon_core.shell:Skip shell extension 'powershell' for command environment: Not usable outside of PowerShell
[3.500s] DEBUG:colcon.colcon_core.shell:Skip shell extension 'dsv' for command environment
[3.643s] DEBUG:colcon.colcon_core.event_handler.log_command:Invoking command in '/home/sanan/Desktop/dev_ws/build/my_box_bot_gazebo': CMAKE_PREFIX_PATH=/home/sanan/Desktop/dev_ws/install/basic_mobile_robot:/home/sanan/Desktop/dev_ws/install/my_box_bot_gazebo:/home/sanan/nav2_ws/install/nav2_system_tests:/home/sanan/nav2_ws/install/nav2_bringup:/home/sanan/nav2_ws/install/navigation2:/home/sanan/nav2_ws/install/smac_planner:/home/sanan/nav2_ws/install/nav2_dwb_controller:/home/sanan/nav2_ws/install/nav2_controller:/home/sanan/nav2_ws/install/dwb_plugins:/home/sanan/nav2_ws/install/dwb_critics:/home/sanan/nav2_ws/install/dwb_core:/home/sanan/nav2_ws/install/nav_2d_utils:/home/sanan/nav2_ws/install/dwb_msgs:/home/sanan/nav2_ws/install/nav_2d_msgs:/home/sanan/nav2_ws/install/nav2_waypoint_follower:/home/sanan/nav2_ws/install/nav2_regulated_pure_pursuit_controller:/home/sanan/nav2_ws/install/nav2_recoveries:/home/sanan/nav2_ws/install/nav2_planner:/home/sanan/nav2_ws/install/nav2_navfn_planner:/home/sanan/nav2_ws/install/nav2_core:/home/sanan/nav2_ws/install/costmap_queue:/home/sanan/nav2_ws/install/nav2_costmap_2d:/home/sanan/nav2_ws/install/nav2_voxel_grid:/home/sanan/nav2_ws/install/nav2_rviz_plugins:/home/sanan/nav2_ws/install/nav2_map_server:/home/sanan/nav2_ws/install/nav2_lifecycle_manager:/home/sanan/nav2_ws/install/nav2_bt_navigator:/home/sanan/nav2_ws/install/nav2_behavior_tree:/home/sanan/nav2_ws/install/nav2_amcl:/home/sanan/nav2_ws/install/nav2_util:/home/sanan/nav2_ws/install/nav2_msgs:/home/sanan/nav2_ws/install/nav2_common:/home/sanan/nav2_ws/install/nav2_gazebo_spawner:/opt/ros/foxy /usr/bin/cmake --build /home/sanan/Desktop/dev_ws/build/my_box_bot_gazebo -- -j8 -l8
[3.727s] DEBUG:colcon.colcon_core.event_handler.log_command:Invoked command in '/home/sanan/Desktop/dev_ws/build/my_box_bot_gazebo' returned '0': CMAKE_PREFIX_PATH=/home/sanan/Desktop/dev_ws/install/basic_mobile_robot:/home/sanan/Desktop/dev_ws/install/my_box_bot_gazebo:/home/sanan/nav2_ws/install/nav2_system_tests:/home/sanan/nav2_ws/install/nav2_bringup:/home/sanan/nav2_ws/install/navigation2:/home/sanan/nav2_ws/install/smac_planner:/home/sanan/nav2_ws/install/nav2_dwb_controller:/home/sanan/nav2_ws/install/nav2_controller:/home/sanan/nav2_ws/install/dwb_plugins:/home/sanan/nav2_ws/install/dwb_critics:/home/sanan/nav2_ws/install/dwb_core:/home/sanan/nav2_ws/install/nav_2d_utils:/home/sanan/nav2_ws/install/dwb_msgs:/home/sanan/nav2_ws/install/nav_2d_msgs:/home/sanan/nav2_ws/install/nav2_waypoint_follower:/home/sanan/nav2_ws/install/nav2_regulated_pure_pursuit_controller:/home/sanan/nav2_ws/install/nav2_recoveries:/home/sanan/nav2_ws/install/nav2_planner:/home/sanan/nav2_ws/install/nav2_navfn_planner:/home/sanan/nav2_ws/install/nav2_core:/home/sanan/nav2_ws/install/costmap_queue:/home/sanan/nav2_ws/install/nav2_costmap_2d:/home/sanan/nav2_ws/install/nav2_voxel_grid:/home/sanan/nav2_ws/install/nav2_rviz_plugins:/home/sanan/nav2_ws/install/nav2_map_server:/home/sanan/nav2_ws/install/nav2_lifecycle_manager:/home/sanan/nav2_ws/install/nav2_bt_navigator:/home/sanan/nav2_ws/install/nav2_behavior_tree:/home/sanan/nav2_ws/install/nav2_amcl:/home/sanan/nav2_ws/install/nav2_util:/home/sanan/nav2_ws/install/nav2_msgs:/home/sanan/nav2_ws/install/nav2_common:/home/sanan/nav2_ws/install/nav2_gazebo_spawner:/opt/ros/foxy /usr/bin/cmake --build /home/sanan/Desktop/dev_ws/build/my_box_bot_gazebo -- -j8 -l8
[3.789s] DEBUG:colcon.colcon_core.event_handler.log_command:Invoking command in '/home/sanan/Desktop/dev_ws/build/my_box_bot_gazebo': CMAKE_PREFIX_PATH=/home/sanan/Desktop/dev_ws/install/basic_mobile_robot:/home/sanan/Desktop/dev_ws/install/my_box_bot_gazebo:/home/sanan/nav2_ws/install/nav2_system_tests:/home/sanan/nav2_ws/install/nav2_bringup:/home/sanan/nav2_ws/install/navigation2:/home/sanan/nav2_ws/install/smac_planner:/home/sanan/nav2_ws/install/nav2_dwb_controller:/home/sanan/nav2_ws/install/nav2_controller:/home/sanan/nav2_ws/install/dwb_plugins:/home/sanan/nav2_ws/install/dwb_critics:/home/sanan/nav2_ws/install/dwb_core:/home/sanan/nav2_ws/install/nav_2d_utils:/home/sanan/nav2_ws/install/dwb_msgs:/home/sanan/nav2_ws/install/nav_2d_msgs:/home/sanan/nav2_ws/install/nav2_waypoint_follower:/home/sanan/nav2_ws/install/nav2_regulated_pure_pursuit_controller:/home/sanan/nav2_ws/install/nav2_recoveries:/home/sanan/nav2_ws/install/nav2_planner:/home/sanan/nav2_ws/install/nav2_navfn_planner:/home/sanan/nav2_ws/install/nav2_core:/home/sanan/nav2_ws/install/costmap_queue:/home/sanan/nav2_ws/install/nav2_costmap_2d:/home/sanan/nav2_ws/install/nav2_voxel_grid:/home/sanan/nav2_ws/install/nav2_rviz_plugins:/home/sanan/nav2_ws/install/nav2_map_server:/home/sanan/nav2_ws/install/nav2_lifecycle_manager:/home/sanan/nav2_ws/install/nav2_bt_navigator:/home/sanan/nav2_ws/install/nav2_behavior_tree:/home/sanan/nav2_ws/install/nav2_amcl:/home/sanan/nav2_ws/install/nav2_util:/home/sanan/nav2_ws/install/nav2_msgs:/home/sanan/nav2_ws/install/nav2_common:/home/sanan/nav2_ws/install/nav2_gazebo_spawner:/opt/ros/foxy /usr/bin/cmake --install /home/sanan/Desktop/dev_ws/build/my_box_bot_gazebo
[3.813s] Level 1:colcon.colcon_core.environment:create_environment_scripts_only(my_box_bot_gazebo)
[3.814s] DEBUG:colcon.colcon_core.event_handler.log_command:Invoked command in '/home/sanan/Desktop/dev_ws/build/my_box_bot_gazebo' returned '0': CMAKE_PREFIX_PATH=/home/sanan/Desktop/dev_ws/install/basic_mobile_robot:/home/sanan/Desktop/dev_ws/install/my_box_bot_gazebo:/home/sanan/nav2_ws/install/nav2_system_tests:/home/sanan/nav2_ws/install/nav2_bringup:/home/sanan/nav2_ws/install/navigation2:/home/sanan/nav2_ws/install/smac_planner:/home/sanan/nav2_ws/install/nav2_dwb_controller:/home/sanan/nav2_ws/install/nav2_controller:/home/sanan/nav2_ws/install/dwb_plugins:/home/sanan/nav2_ws/install/dwb_critics:/home/sanan/nav2_ws/install/dwb_core:/home/sanan/nav2_ws/install/nav_2d_utils:/home/sanan/nav2_ws/install/dwb_msgs:/home/sanan/nav2_ws/install/nav_2d_msgs:/home/sanan/nav2_ws/install/nav2_waypoint_follower:/home/sanan/nav2_ws/install/nav2_regulated_pure_pursuit_controller:/home/sanan/nav2_ws/install/nav2_recoveries:/home/sanan/nav2_ws/install/nav2_planner:/home/sanan/nav2_ws/install/nav2_navfn_planner:/home/sanan/nav2_ws/install/nav2_core:/home/sanan/nav2_ws/install/costmap_queue:/home/sanan/nav2_ws/install/nav2_costmap_2d:/home/sanan/nav2_ws/install/nav2_voxel_grid:/home/sanan/nav2_ws/install/nav2_rviz_plugins:/home/sanan/nav2_ws/install/nav2_map_server:/home/sanan/nav2_ws/install/nav2_lifecycle_manager:/home/sanan/nav2_ws/install/nav2_bt_navigator:/home/sanan/nav2_ws/install/nav2_behavior_tree:/home/sanan/nav2_ws/install/nav2_amcl:/home/sanan/nav2_ws/install/nav2_util:/home/sanan/nav2_ws/install/nav2_msgs:/home/sanan/nav2_ws/install/nav2_common:/home/sanan/nav2_ws/install/nav2_gazebo_spawner:/opt/ros/foxy /usr/bin/cmake --install /home/sanan/Desktop/dev_ws/build/my_box_bot_gazebo
[3.861s] Level 1:colcon.colcon_core.environment:checking '/home/sanan/Desktop/dev_ws/install/my_box_bot_gazebo' for CMake module files
[3.862s] Level 1:colcon.colcon_core.environment:checking '/home/sanan/Desktop/dev_ws/install/my_box_bot_gazebo' for CMake config files
[3.862s] Level 1:colcon.colcon_core.shell:create_environment_hook('my_box_bot_gazebo', 'cmake_prefix_path')
[3.901s] INFO:colcon.colcon_core.shell:Creating environment hook '/home/sanan/Desktop/dev_ws/install/my_box_bot_gazebo/share/my_box_bot_gazebo/hook/cmake_prefix_path.ps1'
[3.902s] INFO:colcon.colcon_core.shell:Creating environment descriptor '/home/sanan/Desktop/dev_ws/install/my_box_bot_gazebo/share/my_box_bot_gazebo/hook/cmake_prefix_path.dsv'
[3.902s] INFO:colcon.colcon_core.shell:Creating environment hook '/home/sanan/Desktop/dev_ws/install/my_box_bot_gazebo/share/my_box_bot_gazebo/hook/cmake_prefix_path.sh'
[3.903s] Level 1:colcon.colcon_core.environment:checking '/home/sanan/Desktop/dev_ws/install/my_box_bot_gazebo/bin'
[3.903s] Level 1:colcon.colcon_core.environment:checking '/home/sanan/Desktop/dev_ws/install/my_box_bot_gazebo/lib/pkgconfig/my_box_bot_gazebo.pc'
[3.903s] Level 1:colcon.colcon_core.environment:checking '/home/sanan/Desktop/dev_ws/install/my_box_bot_gazebo/lib/python3.8/site-packages'
[3.903s] Level 1:colcon.colcon_core.environment:checking '/home/sanan/Desktop/dev_ws/install/my_box_bot_gazebo/bin'
[3.941s] INFO:colcon.colcon_core.shell:Creating package script '/home/sanan/Desktop/dev_ws/install/my_box_bot_gazebo/share/my_box_bot_gazebo/package.ps1'
[3.941s] INFO:colcon.colcon_core.shell:Creating package descriptor '/home/sanan/Desktop/dev_ws/install/my_box_bot_gazebo/share/my_box_bot_gazebo/package.dsv'
[3.942s] INFO:colcon.colcon_core.shell:Creating package script '/home/sanan/Desktop/dev_ws/install/my_box_bot_gazebo/share/my_box_bot_gazebo/package.sh'
[3.942s] INFO:colcon.colcon_core.shell:Creating package script '/home/sanan/Desktop/dev_ws/install/my_box_bot_gazebo/share/my_box_bot_gazebo/package.bash'
[3.942s] INFO:colcon.colcon_core.shell:Creating package script '/home/sanan/Desktop/dev_ws/install/my_box_bot_gazebo/share/my_box_bot_gazebo/package.zsh'
[3.943s] Level 1:colcon.colcon_core.environment:create_file_with_runtime_dependencies(/home/sanan/Desktop/dev_ws/install/my_box_bot_gazebo/share/colcon-core/packages/my_box_bot_gazebo)
[4.014s] Level 1:colcon.colcon_core.environment:create_environment_scripts_only(my_box_bot_gazebo)
[4.045s] Level 1:colcon.colcon_core.environment:checking '/home/sanan/Desktop/dev_ws/install/my_box_bot_gazebo' for CMake module files
[4.045s] Level 1:colcon.colcon_core.environment:checking '/home/sanan/Desktop/dev_ws/install/my_box_bot_gazebo' for CMake config files
[4.046s] Level 1:colcon.colcon_core.shell:create_environment_hook('my_box_bot_gazebo', 'cmake_prefix_path')
[4.077s] INFO:colcon.colcon_core.shell:Creating environment hook '/home/sanan/Desktop/dev_ws/install/my_box_bot_gazebo/share/my_box_bot_gazebo/hook/cmake_prefix_path.ps1'
[4.077s] INFO:colcon.colcon_core.shell:Creating environment descriptor '/home/sanan/Desktop/dev_ws/install/my_box_bot_gazebo/share/my_box_bot_gazebo/hook/cmake_prefix_path.dsv'
[4.077s] INFO:colcon.colcon_core.shell:Creating environment hook '/home/sanan/Desktop/dev_ws/install/my_box_bot_gazebo/share/my_box_bot_gazebo/hook/cmake_prefix_path.sh'
[4.078s] Level 1:colcon.colcon_core.environment:checking '/home/sanan/Desktop/dev_ws/install/my_box_bot_gazebo/bin'
[4.078s] Level 1:colcon.colcon_core.environment:checking '/home/sanan/Desktop/dev_ws/install/my_box_bot_gazebo/lib/pkgconfig/my_box_bot_gazebo.pc'
[4.078s] Level 1:colcon.colcon_core.environment:checking '/home/sanan/Desktop/dev_ws/install/my_box_bot_gazebo/lib/python3.8/site-packages'
[4.078s] Level 1:colcon.colcon_core.environment:checking '/home/sanan/Desktop/dev_ws/install/my_box_bot_gazebo/bin'
[4.109s] INFO:colcon.colcon_core.shell:Creating package script '/home/sanan/Desktop/dev_ws/install/my_box_bot_gazebo/share/my_box_bot_gazebo/package.ps1'
[4.109s] INFO:colcon.colcon_core.shell:Creating package descriptor '/home/sanan/Desktop/dev_ws/install/my_box_bot_gazebo/share/my_box_bot_gazebo/package.dsv'
[4.110s] INFO:colcon.colcon_core.shell:Creating package script '/home/sanan/Desktop/dev_ws/install/my_box_bot_gazebo/share/my_box_bot_gazebo/package.sh'
[4.110s] INFO:colcon.colcon_core.shell:Creating package script '/home/sanan/Desktop/dev_ws/install/my_box_bot_gazebo/share/my_box_bot_gazebo/package.bash'
[4.111s] INFO:colcon.colcon_core.shell:Creating package script '/home/sanan/Desktop/dev_ws/install/my_box_bot_gazebo/share/my_box_bot_gazebo/package.zsh'
[4.111s] Level 1:colcon.colcon_core.environment:create_file_with_runtime_dependencies(/home/sanan/Desktop/dev_ws/install/my_box_bot_gazebo/share/colcon-core/packages/my_box_bot_gazebo)
[4.111s] DEBUG:colcon.colcon_parallel_executor.executor.parallel:closing loop
[4.112s] DEBUG:colcon.colcon_parallel_executor.executor.parallel:loop closed
[4.112s] DEBUG:colcon.colcon_parallel_executor.executor.parallel:run_until_complete finished with '0'
[4.112s] DEBUG:colcon.colcon_core.event_reactor:joining thread
[4.169s] INFO:colcon.colcon_core.plugin_system:Skipping extension 'colcon_notification.desktop_notification.terminal_notifier': Not used on non-Darwin systems
[4.169s] INFO:colcon.colcon_core.plugin_system:Skipping extension 'colcon_notification.desktop_notification.win32': Not used on non-Windows systems
[4.169s] INFO:colcon.colcon_notification.desktop_notification:Sending desktop notification using 'notify2'
[4.198s] DEBUG:colcon.colcon_core.event_reactor:joined thread
[4.254s] INFO:colcon.colcon_core.shell:Creating prefix script '/home/sanan/Desktop/dev_ws/install/local_setup.ps1'
[4.256s] INFO:colcon.colcon_core.shell:Creating prefix util module '/home/sanan/Desktop/dev_ws/install/_local_setup_util_ps1.py'
[4.258s] INFO:colcon.colcon_core.shell:Creating prefix chain script '/home/sanan/Desktop/dev_ws/install/setup.ps1'
[4.298s] INFO:colcon.colcon_core.shell:Creating prefix script '/home/sanan/Desktop/dev_ws/install/local_setup.sh'
[4.298s] INFO:colcon.colcon_core.shell:Creating prefix util module '/home/sanan/Desktop/dev_ws/install/_local_setup_util_sh.py'
[4.299s] INFO:colcon.colcon_core.shell:Creating prefix chain script '/home/sanan/Desktop/dev_ws/install/setup.sh'
[4.337s] INFO:colcon.colcon_core.shell:Creating prefix script '/home/sanan/Desktop/dev_ws/install/local_setup.bash'
[4.337s] INFO:colcon.colcon_core.shell:Creating prefix chain script '/home/sanan/Desktop/dev_ws/install/setup.bash'
[4.388s] INFO:colcon.colcon_core.shell:Creating prefix script '/home/sanan/Desktop/dev_ws/install/local_setup.zsh'
[4.389s] INFO:colcon.colcon_core.shell:Creating prefix chain script '/home/sanan/Desktop/dev_ws/install/setup.zsh'
