[0.197s] Invoking command in '/home/sanan/Desktop/dev_ws/build/my_box_bot_gazebo': CMAKE_PREFIX_PATH=${CMAKE_PREFIX_PATH}:/home/sanan/nav2_ws/install/nav2_gazebo_spawner:/opt/ros/foxy /usr/bin/cmake /home/sanan/Desktop/dev_ws/src/my_box_bot_gazebo -DCMAKE_INSTALL_PREFIX=/home/sanan/Desktop/dev_ws/install/my_box_bot_gazebo
[0.295s] -- The C compiler identification is GNU 9.4.0
[0.390s] -- The CXX compiler identification is GNU 9.4.0
[0.400s] -- Check for working C compiler: /usr/bin/cc
[0.534s] -- Check for working C compiler: /usr/bin/cc -- works
[0.536s] -- Detecting C compiler ABI info
[0.671s] -- Detecting C compiler ABI info - done
[0.692s] -- Detecting C compile features
[0.693s] -- Detecting C compile features - done
[0.697s] -- Check for working CXX compiler: /usr/bin/c++
[0.854s] -- Check for working CXX compiler: /usr/bin/c++ -- works
[0.856s] -- Detecting CXX compiler ABI info
[1.007s] -- Detecting CXX compiler ABI info - done
[1.026s] -- Detecting CXX compile features
[1.026s] -- Detecting CXX compile features - done
[1.031s] -- Found ament_cmake: 0.9.12 (/opt/ros/foxy/share/ament_cmake/cmake)
[1.077s] -- Found PythonInterp: /usr/bin/python3 (found suitable version "3.8.10", minimum required is "3") 
[1.077s] -- Using PYTHON_EXECUTABLE: /usr/bin/python3
[1.349s] -- Found rclpy: 1.0.13 (/opt/ros/foxy/share/rclpy/cmake)
[1.357s] -- Found gazebo_ros: 3.5.3 (/opt/ros/foxy/share/gazebo_ros/cmake)
[1.485s] -- Using all available rosidl_typesupport_c: rosidl_typesupport_fastrtps_c;rosidl_typesupport_introspection_c
[1.510s] -- Found rosidl_adapter: 1.3.1 (/opt/ros/foxy/share/rosidl_adapter/cmake)
[1.680s] -- Found OpenSSL: /usr/lib/x86_64-linux-gnu/libcrypto.so (found version "1.1.1f")  
[1.726s] -- Found FastRTPS: /opt/ros/foxy/include  
[1.850s] -- Using all available rosidl_typesupport_cpp: rosidl_typesupport_fastrtps_cpp;rosidl_typesupport_introspection_cpp
[1.937s] -- Found rmw_implementation_cmake: 1.0.4 (/opt/ros/foxy/share/rmw_implementation_cmake/cmake)
[1.940s] -- Using RMW implementation 'rmw_fastrtps_cpp' as default
[1.942s] -- Looking for pthread.h
[2.076s] -- Looking for pthread.h - found
[2.076s] -- Performing Test CMAKE_HAVE_LIBC_PTHREAD
[2.220s] -- Performing Test CMAKE_HAVE_LIBC_PTHREAD - Failed
[2.220s] -- Looking for pthread_create in pthreads
[2.335s] -- Looking for pthread_create in pthreads - not found
[2.335s] -- Looking for pthread_create in pthread
[2.474s] -- Looking for pthread_create in pthread - found
[2.476s] -- Found Threads: TRUE  
[2.725s] -- Found PkgConfig: /usr/bin/pkg-config (found version "0.29.1") 
[2.728s] -- Checking for module 'bullet>=2.82'
[2.755s] --   Found bullet, version 2.88
[2.986s] -- Found ccd: /usr/include (found suitable version "2.0", minimum required is "2.0") 
[3.112s] -- Found fcl: /usr/include (found suitable version "0.5.0", minimum required is "0.3.2") 
[3.242s] -- Found assimp: /usr/include (found version "5.0.0") 
[3.307s] -- Found DART: /usr/include (Required is at least version "6.6") found components: dart 
[3.358s] -- Found Boost: /usr/lib/x86_64-linux-gnu/cmake/Boost-1.71.0/BoostConfig.cmake (found suitable version "1.71.0", minimum required is "1.40.0") found components: thread system filesystem program_options regex iostreams date_time 
[3.389s] -- Found Protobuf: /usr/lib/x86_64-linux-gnu/libprotobuf.so;-lpthread (found version "3.6.1") 
[3.400s] -- Looking for ignition-math6 -- found version 6.15.0
[3.412s] -- Searching for dependencies of ignition-math6
[3.414s] -- Looking for OGRE...
[3.415s] -- OGRE_PREFIX_WATCH changed.
[3.422s] -- Checking for module 'OGRE'
[3.452s] --   Found OGRE, version 1.9.0
[3.537s] -- Found Ogre Ghadamon (1.9.0)
[3.556s] -- Found OGRE: optimized;/usr/lib/x86_64-linux-gnu/libOgreMain.so;debug;/usr/lib/x86_64-linux-gnu/libOgreMain.so
[3.575s] -- Looking for OGRE_Paging...
[3.589s] -- Found OGRE_Paging: optimized;/usr/lib/x86_64-linux-gnu/libOgrePaging.so;debug;/usr/lib/x86_64-linux-gnu/libOgrePaging.so
[3.589s] -- Looking for OGRE_Terrain...
[3.600s] -- Found OGRE_Terrain: optimized;/usr/lib/x86_64-linux-gnu/libOgreTerrain.so;debug;/usr/lib/x86_64-linux-gnu/libOgreTerrain.so
[3.600s] -- Looking for OGRE_Property...
[3.609s] -- Found OGRE_Property: optimized;/usr/lib/x86_64-linux-gnu/libOgreProperty.so;debug;/usr/lib/x86_64-linux-gnu/libOgreProperty.so
[3.609s] -- Looking for OGRE_RTShaderSystem...
[3.618s] -- Found OGRE_RTShaderSystem: optimized;/usr/lib/x86_64-linux-gnu/libOgreRTShaderSystem.so;debug;/usr/lib/x86_64-linux-gnu/libOgreRTShaderSystem.so
[3.618s] -- Looking for OGRE_Volume...
[3.629s] -- Found OGRE_Volume: optimized;/usr/lib/x86_64-linux-gnu/libOgreVolume.so;debug;/usr/lib/x86_64-linux-gnu/libOgreVolume.so
[3.629s] -- Looking for OGRE_Overlay...
[3.640s] -- Found OGRE_Overlay: optimized;/usr/lib/x86_64-linux-gnu/libOgreOverlay.so;debug;/usr/lib/x86_64-linux-gnu/libOgreOverlay.so
[3.829s] -- Looking for ignition-math6 -- found version 6.15.0
[3.834s] -- Looking for ignition-transport8 -- found version 8.3.0
[3.834s] -- Searching for dependencies of ignition-transport8
[3.858s] -- Found Protobuf: /usr/lib/x86_64-linux-gnu/libprotobuf.so;-lpthread (found suitable version "3.6.1", minimum required is "3") 
[3.872s] -- Config-file not installed for ZeroMQ -- checking for pkg-config
[3.878s] -- Checking for module 'libzmq >= 4'
[3.906s] --   Found libzmq , version 4.3.2
[3.990s] -- Found ZeroMQ: TRUE (Required is at least version "4") 
[4.003s] -- Checking for module 'uuid'
[4.037s] --   Found uuid, version 2.34.0
[4.116s] -- Found UUID: TRUE  
[4.129s] -- Looking for ignition-msgs5 -- found version 5.10.0
[4.130s] -- Searching for dependencies of ignition-msgs5
[4.170s] -- Looking for ignition-math6 -- found version 6.15.0
[4.180s] -- Checking for module 'tinyxml2'
[4.216s] --   Found tinyxml2, version 6.2.0
[4.300s] -- Looking for ignition-msgs5 -- found version 5.10.0
[4.308s] -- Looking for ignition-common3 -- found version 3.14.2
[4.308s] -- Searching for dependencies of ignition-common3
[4.310s] -- Looking for dlfcn.h - found
[4.312s] -- Looking for libdl - found
[4.315s] -- Found DL: TRUE  
[4.333s] -- Searching for <ignition-common3> component [graphics]
[4.341s] -- Looking for ignition-common3-graphics -- found version 3.14.2
[4.341s] -- Searching for dependencies of ignition-common3-graphics
[4.342s] -- Looking for ignition-math6 -- found version 6.15.0
[4.351s] -- Looking for ignition-fuel_tools4 -- found version 4.6.0
[4.351s] -- Searching for dependencies of ignition-fuel_tools4
[4.514s] -- Found CURL: /usr/lib/x86_64-linux-gnu/libcurl.so (found version "7.68.0")  
[4.535s] -- Checking for module 'jsoncpp'
[4.570s] --   Found jsoncpp, version 1.7.4
[4.651s] -- Found JSONCPP: TRUE  
[4.663s] -- Checking for module 'libzip'
[4.698s] --   Found libzip, version 1.5.1
[4.779s] -- Found ZIP: TRUE  
[4.780s] -- Looking for ignition-common3 -- found version 3.14.2
[4.781s] -- Looking for ignition-math6 -- found version 6.15.0
[4.782s] -- Looking for ignition-msgs5 -- found version 5.10.0
[4.791s] -- Gazebo version: 11.11
[4.803s] -- Found basic_mobile_robot: 0.0.0 (/home/sanan/Desktop/dev_ws/install/basic_mobile_robot/share/basic_mobile_robot/cmake)
[4.809s] -- Found ament_lint_auto: 0.9.8 (/opt/ros/foxy/share/ament_lint_auto/cmake)
[4.946s] -- Added test 'copyright' to check source files copyright and LICENSE
[4.950s] -- Added test 'flake8' to check Python code syntax and style conventions
[4.951s] -- Added test 'lint_cmake' to check CMake code style
[4.952s] -- Added test 'pep257' to check Python code against some of the style conventions in PEP 257
[4.954s] -- Added test 'xmllint' to check XML markup files
[4.958s] -- Configuring done
[4.961s] -- Generating done
[4.964s] -- Build files have been written to: /home/sanan/Desktop/dev_ws/build/my_box_bot_gazebo
[4.975s] Invoked command in '/home/sanan/Desktop/dev_ws/build/my_box_bot_gazebo' returned '0': CMAKE_PREFIX_PATH=${CMAKE_PREFIX_PATH}:/home/sanan/nav2_ws/install/nav2_gazebo_spawner:/opt/ros/foxy /usr/bin/cmake /home/sanan/Desktop/dev_ws/src/my_box_bot_gazebo -DCMAKE_INSTALL_PREFIX=/home/sanan/Desktop/dev_ws/install/my_box_bot_gazebo
[4.979s] Invoking command in '/home/sanan/Desktop/dev_ws/build/my_box_bot_gazebo': CMAKE_PREFIX_PATH=${CMAKE_PREFIX_PATH}:/home/sanan/nav2_ws/install/nav2_gazebo_spawner:/opt/ros/foxy /usr/bin/cmake --build /home/sanan/Desktop/dev_ws/build/my_box_bot_gazebo -- -j8 -l8
[5.054s] Invoked command in '/home/sanan/Desktop/dev_ws/build/my_box_bot_gazebo' returned '0': CMAKE_PREFIX_PATH=${CMAKE_PREFIX_PATH}:/home/sanan/nav2_ws/install/nav2_gazebo_spawner:/opt/ros/foxy /usr/bin/cmake --build /home/sanan/Desktop/dev_ws/build/my_box_bot_gazebo -- -j8 -l8
[5.114s] Invoking command in '/home/sanan/Desktop/dev_ws/build/my_box_bot_gazebo': CMAKE_PREFIX_PATH=${CMAKE_PREFIX_PATH}:/home/sanan/nav2_ws/install/nav2_gazebo_spawner:/opt/ros/foxy /usr/bin/cmake --install /home/sanan/Desktop/dev_ws/build/my_box_bot_gazebo
[5.133s] -- Install configuration: ""
[5.134s] -- Installing: /home/sanan/Desktop/dev_ws/install/my_box_bot_gazebo/share/my_box_bot_gazebo//launch
[5.134s] -- Installing: /home/sanan/Desktop/dev_ws/install/my_box_bot_gazebo/share/my_box_bot_gazebo//launch/start_world.launch.py
[5.134s] -- Installing: /home/sanan/Desktop/dev_ws/install/my_box_bot_gazebo/share/my_box_bot_gazebo//worlds
[5.134s] -- Installing: /home/sanan/Desktop/dev_ws/install/my_box_bot_gazebo/share/my_box_bot_gazebo//worlds/box_bot_empty.world
[5.134s] -- Installing: /home/sanan/Desktop/dev_ws/install/my_box_bot_gazebo/share/my_box_bot_gazebo//models
[5.134s] -- Installing: /home/sanan/Desktop/dev_ws/install/my_box_bot_gazebo/share/my_box_bot_gazebo//models/box_room
[5.135s] -- Installing: /home/sanan/Desktop/dev_ws/install/my_box_bot_gazebo/share/my_box_bot_gazebo//models/box_room/meshes
[5.135s] -- Installing: /home/sanan/Desktop/dev_ws/install/my_box_bot_gazebo/share/my_box_bot_gazebo//models/box_room/meshes/chambre.png
[5.135s] -- Installing: /home/sanan/Desktop/dev_ws/install/my_box_bot_gazebo/share/my_box_bot_gazebo//models/box_room/meshes/box_room.dae
[5.136s] -- Installing: /home/sanan/Desktop/dev_ws/install/my_box_bot_gazebo/share/my_box_bot_gazebo//models/box_room/model.sdf
[5.136s] -- Installing: /home/sanan/Desktop/dev_ws/install/my_box_bot_gazebo/share/my_box_bot_gazebo//models/box_room/model.config
[5.137s] -- Installing: /home/sanan/Desktop/dev_ws/install/my_box_bot_gazebo/share/ament_index/resource_index/package_run_dependencies/my_box_bot_gazebo
[5.137s] -- Installing: /home/sanan/Desktop/dev_ws/install/my_box_bot_gazebo/share/ament_index/resource_index/parent_prefix_path/my_box_bot_gazebo
[5.137s] -- Installing: /home/sanan/Desktop/dev_ws/install/my_box_bot_gazebo/share/my_box_bot_gazebo/environment/ament_prefix_path.sh
[5.137s] -- Installing: /home/sanan/Desktop/dev_ws/install/my_box_bot_gazebo/share/my_box_bot_gazebo/environment/ament_prefix_path.dsv
[5.138s] -- Installing: /home/sanan/Desktop/dev_ws/install/my_box_bot_gazebo/share/my_box_bot_gazebo/environment/path.sh
[5.138s] -- Installing: /home/sanan/Desktop/dev_ws/install/my_box_bot_gazebo/share/my_box_bot_gazebo/environment/path.dsv
[5.138s] -- Installing: /home/sanan/Desktop/dev_ws/install/my_box_bot_gazebo/share/my_box_bot_gazebo/local_setup.bash
[5.138s] -- Installing: /home/sanan/Desktop/dev_ws/install/my_box_bot_gazebo/share/my_box_bot_gazebo/local_setup.sh
[5.138s] -- Installing: /home/sanan/Desktop/dev_ws/install/my_box_bot_gazebo/share/my_box_bot_gazebo/local_setup.zsh
[5.138s] -- Installing: /home/sanan/Desktop/dev_ws/install/my_box_bot_gazebo/share/my_box_bot_gazebo/local_setup.dsv
[5.139s] -- Installing: /home/sanan/Desktop/dev_ws/install/my_box_bot_gazebo/share/my_box_bot_gazebo/package.dsv
[5.139s] -- Installing: /home/sanan/Desktop/dev_ws/install/my_box_bot_gazebo/share/ament_index/resource_index/packages/my_box_bot_gazebo
[5.139s] -- Installing: /home/sanan/Desktop/dev_ws/install/my_box_bot_gazebo/share/my_box_bot_gazebo/cmake/my_box_bot_gazeboConfig.cmake
[5.139s] -- Installing: /home/sanan/Desktop/dev_ws/install/my_box_bot_gazebo/share/my_box_bot_gazebo/cmake/my_box_bot_gazeboConfig-version.cmake
[5.139s] -- Installing: /home/sanan/Desktop/dev_ws/install/my_box_bot_gazebo/share/my_box_bot_gazebo/package.xml
[5.142s] Invoked command in '/home/sanan/Desktop/dev_ws/build/my_box_bot_gazebo' returned '0': CMAKE_PREFIX_PATH=${CMAKE_PREFIX_PATH}:/home/sanan/nav2_ws/install/nav2_gazebo_spawner:/opt/ros/foxy /usr/bin/cmake --install /home/sanan/Desktop/dev_ws/build/my_box_bot_gazebo
