-- Install configuration: ""
-- Up-to-date: /home/sanan/Desktop/dev_ws/install/my_box_bot_gazebo/share/my_box_bot_gazebo//launch
-- Up-to-date: /home/sanan/Desktop/dev_ws/install/my_box_bot_gazebo/share/my_box_bot_gazebo//launch/spawn_robot_description.launch.py
-- Up-to-date: /home/sanan/Desktop/dev_ws/install/my_box_bot_gazebo/share/my_box_bot_gazebo//launch/spawn_robot_ros2.launch.xml
-- Up-to-date: /home/sanan/Desktop/dev_ws/install/my_box_bot_gazebo/share/my_box_bot_gazebo//launch/start_world.launch.py
-- Installing: /home/sanan/Desktop/dev_ws/install/my_box_bot_gazebo/share/my_box_bot_gazebo//launch/spawn_robot_ros2_control.launch.xml
-- Up-to-date: /home/sanan/Desktop/dev_ws/install/my_box_bot_gazebo/share/my_box_bot_gazebo//worlds
-- Up-to-date: /home/sanan/Desktop/dev_ws/install/my_box_bot_gazebo/share/my_box_bot_gazebo//worlds/box_bot_empty.world
-- Up-to-date: /home/sanan/Desktop/dev_ws/install/my_box_bot_gazebo/share/my_box_bot_gazebo//models
-- Up-to-date: /home/sanan/Desktop/dev_ws/install/my_box_bot_gazebo/share/my_box_bot_gazebo//models/box_room
-- Up-to-date: /home/sanan/Desktop/dev_ws/install/my_box_bot_gazebo/share/my_box_bot_gazebo//models/box_room/meshes
-- Up-to-date: /home/sanan/Desktop/dev_ws/install/my_box_bot_gazebo/share/my_box_bot_gazebo//models/box_room/meshes/chambre.png
-- Up-to-date: /home/sanan/Desktop/dev_ws/install/my_box_bot_gazebo/share/my_box_bot_gazebo//models/box_room/meshes/box_room.dae
-- Up-to-date: /home/sanan/Desktop/dev_ws/install/my_box_bot_gazebo/share/my_box_bot_gazebo//models/box_room/model.sdf
-- Up-to-date: /home/sanan/Desktop/dev_ws/install/my_box_bot_gazebo/share/my_box_bot_gazebo//models/box_room/model.config
-- Up-to-date: /home/sanan/Desktop/dev_ws/install/my_box_bot_gazebo/share/ament_index/resource_index/package_run_dependencies/my_box_bot_gazebo
-- Up-to-date: /home/sanan/Desktop/dev_ws/install/my_box_bot_gazebo/share/ament_index/resource_index/parent_prefix_path/my_box_bot_gazebo
-- Up-to-date: /home/sanan/Desktop/dev_ws/install/my_box_bot_gazebo/share/my_box_bot_gazebo/environment/ament_prefix_path.sh
-- Up-to-date: /home/sanan/Desktop/dev_ws/install/my_box_bot_gazebo/share/my_box_bot_gazebo/environment/ament_prefix_path.dsv
-- Up-to-date: /home/sanan/Desktop/dev_ws/install/my_box_bot_gazebo/share/my_box_bot_gazebo/environment/path.sh
-- Up-to-date: /home/sanan/Desktop/dev_ws/install/my_box_bot_gazebo/share/my_box_bot_gazebo/environment/path.dsv
-- Up-to-date: /home/sanan/Desktop/dev_ws/install/my_box_bot_gazebo/share/my_box_bot_gazebo/local_setup.bash
-- Up-to-date: /home/sanan/Desktop/dev_ws/install/my_box_bot_gazebo/share/my_box_bot_gazebo/local_setup.sh
-- Up-to-date: /home/sanan/Desktop/dev_ws/install/my_box_bot_gazebo/share/my_box_bot_gazebo/local_setup.zsh
-- Up-to-date: /home/sanan/Desktop/dev_ws/install/my_box_bot_gazebo/share/my_box_bot_gazebo/local_setup.dsv
-- Installing: /home/sanan/Desktop/dev_ws/install/my_box_bot_gazebo/share/my_box_bot_gazebo/package.dsv
-- Up-to-date: /home/sanan/Desktop/dev_ws/install/my_box_bot_gazebo/share/ament_index/resource_index/packages/my_box_bot_gazebo
-- Up-to-date: /home/sanan/Desktop/dev_ws/install/my_box_bot_gazebo/share/my_box_bot_gazebo/cmake/my_box_bot_gazeboConfig.cmake
-- Up-to-date: /home/sanan/Desktop/dev_ws/install/my_box_bot_gazebo/share/my_box_bot_gazebo/cmake/my_box_bot_gazeboConfig-version.cmake
-- Up-to-date: /home/sanan/Desktop/dev_ws/install/my_box_bot_gazebo/share/my_box_bot_gazebo/package.xml
