[0.184s] Invoking command in '/home/sanan/Desktop/dev_ws/build/basic_mobile_robot': CMAKE_PREFIX_PATH=${CMAKE_PREFIX_PATH}:/home/sanan/nav2_ws/install/nav2_gazebo_spawner:/opt/ros/foxy /usr/bin/cmake /home/sanan/Desktop/dev_ws/src/basic_mobile_robot -DCMAKE_INSTALL_PREFIX=/home/sanan/Desktop/dev_ws/install/basic_mobile_robot
[0.362s] -- The C compiler identification is GNU 9.4.0
[0.511s] -- The CXX compiler identification is GNU 9.4.0
[0.523s] -- Check for working C compiler: /usr/bin/cc
[0.651s] -- Check for working C compiler: /usr/bin/cc -- works
[0.654s] -- Detecting C compiler ABI info
[0.814s] -- Detecting C compiler ABI info - done
[0.838s] -- Detecting C compile features
[0.838s] -- Detecting C compile features - done
[0.844s] -- Check for working CXX compiler: /usr/bin/c++
[1.022s] -- Check for working CXX compiler: /usr/bin/c++ -- works
[1.024s] -- Detecting CXX compiler ABI info
[1.167s] -- Detecting CXX compiler ABI info - done
[1.189s] -- Detecting CXX compile features
[1.189s] -- Detecting CXX compile features - done
[1.200s] -- Found ament_cmake: 0.9.12 (/opt/ros/foxy/share/ament_cmake/cmake)
[1.265s] -- Found PythonInterp: /usr/bin/python3 (found suitable version "3.8.10", minimum required is "3") 
[1.266s] -- Using PYTHON_EXECUTABLE: /usr/bin/python3
[1.569s] -- Found ament_lint_auto: 0.9.8 (/opt/ros/foxy/share/ament_lint_auto/cmake)
[1.710s] -- Added test 'copyright' to check source files copyright and LICENSE
[1.713s] -- Added test 'lint_cmake' to check CMake code style
[1.715s] -- Added test 'xmllint' to check XML markup files
[1.718s] -- Configuring done
[1.721s] -- Generating done
[1.721s] -- Build files have been written to: /home/sanan/Desktop/dev_ws/build/basic_mobile_robot
[1.725s] Invoked command in '/home/sanan/Desktop/dev_ws/build/basic_mobile_robot' returned '0': CMAKE_PREFIX_PATH=${CMAKE_PREFIX_PATH}:/home/sanan/nav2_ws/install/nav2_gazebo_spawner:/opt/ros/foxy /usr/bin/cmake /home/sanan/Desktop/dev_ws/src/basic_mobile_robot -DCMAKE_INSTALL_PREFIX=/home/sanan/Desktop/dev_ws/install/basic_mobile_robot
[1.729s] Invoking command in '/home/sanan/Desktop/dev_ws/build/basic_mobile_robot': CMAKE_PREFIX_PATH=${CMAKE_PREFIX_PATH}:/home/sanan/nav2_ws/install/nav2_gazebo_spawner:/opt/ros/foxy /usr/bin/cmake --build /home/sanan/Desktop/dev_ws/build/basic_mobile_robot -- -j8 -l8
[1.816s] Invoked command in '/home/sanan/Desktop/dev_ws/build/basic_mobile_robot' returned '0': CMAKE_PREFIX_PATH=${CMAKE_PREFIX_PATH}:/home/sanan/nav2_ws/install/nav2_gazebo_spawner:/opt/ros/foxy /usr/bin/cmake --build /home/sanan/Desktop/dev_ws/build/basic_mobile_robot -- -j8 -l8
[1.894s] Invoking command in '/home/sanan/Desktop/dev_ws/build/basic_mobile_robot': CMAKE_PREFIX_PATH=${CMAKE_PREFIX_PATH}:/home/sanan/nav2_ws/install/nav2_gazebo_spawner:/opt/ros/foxy /usr/bin/cmake --install /home/sanan/Desktop/dev_ws/build/basic_mobile_robot
[1.911s] -- Install configuration: ""
[1.911s] -- Installing: /home/sanan/Desktop/dev_ws/install/basic_mobile_robot/share/ament_index/resource_index/package_run_dependencies/basic_mobile_robot
[1.911s] -- Installing: /home/sanan/Desktop/dev_ws/install/basic_mobile_robot/share/ament_index/resource_index/parent_prefix_path/basic_mobile_robot
[1.912s] -- Installing: /home/sanan/Desktop/dev_ws/install/basic_mobile_robot/share/basic_mobile_robot/environment/ament_prefix_path.sh
[1.912s] -- Installing: /home/sanan/Desktop/dev_ws/install/basic_mobile_robot/share/basic_mobile_robot/environment/ament_prefix_path.dsv
[1.912s] -- Installing: /home/sanan/Desktop/dev_ws/install/basic_mobile_robot/share/basic_mobile_robot/environment/path.sh
[1.912s] -- Installing: /home/sanan/Desktop/dev_ws/install/basic_mobile_robot/share/basic_mobile_robot/environment/path.dsv
[1.912s] -- Installing: /home/sanan/Desktop/dev_ws/install/basic_mobile_robot/share/basic_mobile_robot/local_setup.bash
[1.912s] -- Installing: /home/sanan/Desktop/dev_ws/install/basic_mobile_robot/share/basic_mobile_robot/local_setup.sh
[1.913s] -- Installing: /home/sanan/Desktop/dev_ws/install/basic_mobile_robot/share/basic_mobile_robot/local_setup.zsh
[1.913s] -- Installing: /home/sanan/Desktop/dev_ws/install/basic_mobile_robot/share/basic_mobile_robot/local_setup.dsv
[1.913s] -- Installing: /home/sanan/Desktop/dev_ws/install/basic_mobile_robot/share/basic_mobile_robot/package.dsv
[1.913s] -- Installing: /home/sanan/Desktop/dev_ws/install/basic_mobile_robot/share/ament_index/resource_index/packages/basic_mobile_robot
[1.914s] -- Installing: /home/sanan/Desktop/dev_ws/install/basic_mobile_robot/share/basic_mobile_robot/cmake/basic_mobile_robotConfig.cmake
[1.914s] -- Installing: /home/sanan/Desktop/dev_ws/install/basic_mobile_robot/share/basic_mobile_robot/cmake/basic_mobile_robotConfig-version.cmake
[1.914s] -- Installing: /home/sanan/Desktop/dev_ws/install/basic_mobile_robot/share/basic_mobile_robot/package.xml
[1.917s] Invoked command in '/home/sanan/Desktop/dev_ws/build/basic_mobile_robot' returned '0': CMAKE_PREFIX_PATH=${CMAKE_PREFIX_PATH}:/home/sanan/nav2_ws/install/nav2_gazebo_spawner:/opt/ros/foxy /usr/bin/cmake --install /home/sanan/Desktop/dev_ws/build/basic_mobile_robot
