[2.022s] DEBUG:colcon:Command line arguments: ['/usr/bin/colcon', 'build']
[2.022s] DEBUG:colcon:Parsed command line arguments: Namespace(allow_overriding=[], ament_cmake_args=None, base_paths=['.'], build_base='build', catkin_cmake_args=None, catkin_skip_building_tests=False, cmake_args=None, cmake_clean_cache=False, cmake_clean_first=False, cmake_force_configure=False, cmake_target=None, cmake_target_skip_unavailable=False, continue_on_error=False, event_handlers=None, executor='parallel', ignore_user_meta=False, install_base='install', log_base=None, log_level=None, main=<bound method BuildVerb.main of <colcon_core.verb.build.BuildVerb object at 0x7f75e29bf370>>, merge_install=False, metas=['./colcon.meta'], packages_above=None, packages_above_and_dependencies=None, packages_above_depth=None, packages_end=None, packages_ignore=None, packages_ignore_regex=None, packages_select=None, packages_select_build_failed=False, packages_select_by_dep=None, packages_select_regex=None, packages_select_test_failures=False, packages_skip=None, packages_skip_build_finished=False, packages_skip_by_dep=None, packages_skip_regex=None, packages_skip_test_passed=False, packages_skip_up_to=None, packages_start=None, packages_up_to=None, packages_up_to_regex=None, parallel_workers=8, paths=None, symlink_install=False, test_result_base=None, verb_extension=<colcon_core.verb.build.BuildVerb object at 0x7f75e29bf370>, verb_name='build', verb_parser=<colcon_defaults.argument_parser.defaults.DefaultArgumentsDecorator object at 0x7f75e275c400>)
[2.125s] Level 1:colcon.colcon_core.package_discovery:discover_packages(colcon_meta) check parameters
[2.125s] Level 1:colcon.colcon_core.package_discovery:discover_packages(recursive) check parameters
[2.125s] Level 1:colcon.colcon_core.package_discovery:discover_packages(ignore) check parameters
[2.125s] Level 1:colcon.colcon_core.package_discovery:discover_packages(path) check parameters
[2.125s] Level 1:colcon.colcon_core.package_discovery:discover_packages(colcon_meta) discover
[2.126s] Level 1:colcon.colcon_core.package_discovery:discover_packages(recursive) discover
[2.126s] INFO:colcon.colcon_core.package_discovery:Crawling recursively for packages in '/home/sanan/Desktop/dev_ws'
[2.126s] Level 1:colcon.colcon_core.package_identification:_identify(.) by extensions ['ignore', 'ignore_ament_install']
[2.126s] Level 1:colcon.colcon_core.package_identification:_identify(.) by extension 'ignore'
[2.126s] Level 1:colcon.colcon_core.package_identification:_identify(.) by extension 'ignore_ament_install'
[2.126s] Level 1:colcon.colcon_core.package_identification:_identify(.) by extensions ['colcon_pkg']
[2.126s] Level 1:colcon.colcon_core.package_identification:_identify(.) by extension 'colcon_pkg'
[2.126s] Level 1:colcon.colcon_core.package_identification:_identify(.) by extensions ['colcon_meta']
[2.126s] Level 1:colcon.colcon_core.package_identification:_identify(.) by extension 'colcon_meta'
[2.126s] Level 1:colcon.colcon_core.package_identification:_identify(.) by extensions ['ros']
[2.126s] Level 1:colcon.colcon_core.package_identification:_identify(.) by extension 'ros'
[2.140s] Level 1:colcon.colcon_core.package_identification:_identify(.) by extensions ['cmake', 'python']
[2.140s] Level 1:colcon.colcon_core.package_identification:_identify(.) by extension 'cmake'
[2.140s] Level 1:colcon.colcon_core.package_identification:_identify(.) by extension 'python'
[2.140s] Level 1:colcon.colcon_core.package_identification:_identify(.) by extensions ['python_setup_py']
[2.140s] Level 1:colcon.colcon_core.package_identification:_identify(.) by extension 'python_setup_py'
[2.140s] Level 1:colcon.colcon_core.package_identification:_identify(build) by extensions ['ignore', 'ignore_ament_install']
[2.140s] Level 1:colcon.colcon_core.package_identification:_identify(build) by extension 'ignore'
[2.140s] Level 1:colcon.colcon_core.package_identification:_identify(build) ignored
[2.140s] Level 1:colcon.colcon_core.package_identification:_identify(install) by extensions ['ignore', 'ignore_ament_install']
[2.140s] Level 1:colcon.colcon_core.package_identification:_identify(install) by extension 'ignore'
[2.141s] Level 1:colcon.colcon_core.package_identification:_identify(install) ignored
[2.141s] Level 1:colcon.colcon_core.package_identification:_identify(log) by extensions ['ignore', 'ignore_ament_install']
[2.141s] Level 1:colcon.colcon_core.package_identification:_identify(log) by extension 'ignore'
[2.141s] Level 1:colcon.colcon_core.package_identification:_identify(log) ignored
[2.141s] Level 1:colcon.colcon_core.package_identification:_identify(src) by extensions ['ignore', 'ignore_ament_install']
[2.141s] Level 1:colcon.colcon_core.package_identification:_identify(src) by extension 'ignore'
[2.141s] Level 1:colcon.colcon_core.package_identification:_identify(src) by extension 'ignore_ament_install'
[2.141s] Level 1:colcon.colcon_core.package_identification:_identify(src) by extensions ['colcon_pkg']
[2.141s] Level 1:colcon.colcon_core.package_identification:_identify(src) by extension 'colcon_pkg'
[2.141s] Level 1:colcon.colcon_core.package_identification:_identify(src) by extensions ['colcon_meta']
[2.141s] Level 1:colcon.colcon_core.package_identification:_identify(src) by extension 'colcon_meta'
[2.141s] Level 1:colcon.colcon_core.package_identification:_identify(src) by extensions ['ros']
[2.141s] Level 1:colcon.colcon_core.package_identification:_identify(src) by extension 'ros'
[2.141s] Level 1:colcon.colcon_core.package_identification:_identify(src) by extensions ['cmake', 'python']
[2.141s] Level 1:colcon.colcon_core.package_identification:_identify(src) by extension 'cmake'
[2.141s] Level 1:colcon.colcon_core.package_identification:_identify(src) by extension 'python'
[2.141s] Level 1:colcon.colcon_core.package_identification:_identify(src) by extensions ['python_setup_py']
[2.141s] Level 1:colcon.colcon_core.package_identification:_identify(src) by extension 'python_setup_py'
[2.142s] Level 1:colcon.colcon_core.package_identification:_identify(src/basic_mobile_robot) by extensions ['ignore', 'ignore_ament_install']
[2.142s] Level 1:colcon.colcon_core.package_identification:_identify(src/basic_mobile_robot) by extension 'ignore'
[2.142s] Level 1:colcon.colcon_core.package_identification:_identify(src/basic_mobile_robot) by extension 'ignore_ament_install'
[2.142s] Level 1:colcon.colcon_core.package_identification:_identify(src/basic_mobile_robot) by extensions ['colcon_pkg']
[2.142s] Level 1:colcon.colcon_core.package_identification:_identify(src/basic_mobile_robot) by extension 'colcon_pkg'
[2.142s] Level 1:colcon.colcon_core.package_identification:_identify(src/basic_mobile_robot) by extensions ['colcon_meta']
[2.142s] Level 1:colcon.colcon_core.package_identification:_identify(src/basic_mobile_robot) by extension 'colcon_meta'
[2.142s] Level 1:colcon.colcon_core.package_identification:_identify(src/basic_mobile_robot) by extensions ['ros']
[2.142s] Level 1:colcon.colcon_core.package_identification:_identify(src/basic_mobile_robot) by extension 'ros'
[2.145s] DEBUG:colcon.colcon_core.package_identification:Package 'src/basic_mobile_robot' with type 'ros.ament_cmake' and name 'basic_mobile_robot'
[2.145s] Level 1:colcon.colcon_core.package_identification:_identify(src/my_box_bot_gazebo) by extensions ['ignore', 'ignore_ament_install']
[2.146s] Level 1:colcon.colcon_core.package_identification:_identify(src/my_box_bot_gazebo) by extension 'ignore'
[2.146s] Level 1:colcon.colcon_core.package_identification:_identify(src/my_box_bot_gazebo) by extension 'ignore_ament_install'
[2.146s] Level 1:colcon.colcon_core.package_identification:_identify(src/my_box_bot_gazebo) by extensions ['colcon_pkg']
[2.146s] Level 1:colcon.colcon_core.package_identification:_identify(src/my_box_bot_gazebo) by extension 'colcon_pkg'
[2.146s] Level 1:colcon.colcon_core.package_identification:_identify(src/my_box_bot_gazebo) by extensions ['colcon_meta']
[2.146s] Level 1:colcon.colcon_core.package_identification:_identify(src/my_box_bot_gazebo) by extension 'colcon_meta'
[2.146s] Level 1:colcon.colcon_core.package_identification:_identify(src/my_box_bot_gazebo) by extensions ['ros']
[2.146s] Level 1:colcon.colcon_core.package_identification:_identify(src/my_box_bot_gazebo) by extension 'ros'
[2.147s] DEBUG:colcon.colcon_core.package_identification:Package 'src/my_box_bot_gazebo' with type 'ros.ament_cmake' and name 'my_box_bot_gazebo'
[2.147s] Level 1:colcon.colcon_core.package_discovery:discover_packages(recursive) using defaults
[2.147s] Level 1:colcon.colcon_core.package_discovery:discover_packages(ignore) discover
[2.147s] Level 1:colcon.colcon_core.package_discovery:discover_packages(ignore) using defaults
[2.147s] Level 1:colcon.colcon_core.package_discovery:discover_packages(path) discover
[2.148s] Level 1:colcon.colcon_core.package_discovery:discover_packages(path) using defaults
[2.375s] Level 1:colcon.colcon_core.package_discovery:discover_packages(prefix_path) check parameters
[2.375s] Level 1:colcon.colcon_core.package_discovery:discover_packages(prefix_path) discover
[2.452s] DEBUG:colcon.colcon_installed_package_information.package_discovery:Found 2 installed packages in /home/sanan/Desktop/dev_ws/install
[2.494s] DEBUG:colcon.colcon_installed_package_information.package_discovery:Found 31 installed packages in /home/sanan/nav2_ws/install
[2.535s] DEBUG:colcon.colcon_installed_package_information.package_discovery:Found 371 installed packages in /opt/ros/foxy
[2.539s] Level 1:colcon.colcon_core.package_discovery:discover_packages(prefix_path) using defaults
[2.712s] Level 5:colcon.colcon_core.verb:set package 'basic_mobile_robot' build argument 'cmake_args' from command line to 'None'
[2.713s] Level 5:colcon.colcon_core.verb:set package 'basic_mobile_robot' build argument 'cmake_target' from command line to 'None'
[2.713s] Level 5:colcon.colcon_core.verb:set package 'basic_mobile_robot' build argument 'cmake_target_skip_unavailable' from command line to 'False'
[2.713s] Level 5:colcon.colcon_core.verb:set package 'basic_mobile_robot' build argument 'cmake_clean_cache' from command line to 'False'
[2.713s] Level 5:colcon.colcon_core.verb:set package 'basic_mobile_robot' build argument 'cmake_clean_first' from command line to 'False'
[2.713s] Level 5:colcon.colcon_core.verb:set package 'basic_mobile_robot' build argument 'cmake_force_configure' from command line to 'False'
[2.713s] Level 5:colcon.colcon_core.verb:set package 'basic_mobile_robot' build argument 'ament_cmake_args' from command line to 'None'
[2.713s] Level 5:colcon.colcon_core.verb:set package 'basic_mobile_robot' build argument 'catkin_cmake_args' from command line to 'None'
[2.713s] Level 5:colcon.colcon_core.verb:set package 'basic_mobile_robot' build argument 'catkin_skip_building_tests' from command line to 'False'
[2.713s] DEBUG:colcon.colcon_core.verb:Building package 'basic_mobile_robot' with the following arguments: {'ament_cmake_args': None, 'build_base': '/home/sanan/Desktop/dev_ws/build/basic_mobile_robot', 'catkin_cmake_args': None, 'catkin_skip_building_tests': False, 'cmake_args': None, 'cmake_clean_cache': False, 'cmake_clean_first': False, 'cmake_force_configure': False, 'cmake_target': None, 'cmake_target_skip_unavailable': False, 'install_base': '/home/sanan/Desktop/dev_ws/install/basic_mobile_robot', 'merge_install': False, 'path': '/home/sanan/Desktop/dev_ws/src/basic_mobile_robot', 'symlink_install': False, 'test_result_base': None}
[2.765s] Level 5:colcon.colcon_core.verb:set package 'my_box_bot_gazebo' build argument 'cmake_args' from command line to 'None'
[2.765s] Level 5:colcon.colcon_core.verb:set package 'my_box_bot_gazebo' build argument 'cmake_target' from command line to 'None'
[2.765s] Level 5:colcon.colcon_core.verb:set package 'my_box_bot_gazebo' build argument 'cmake_target_skip_unavailable' from command line to 'False'
[2.765s] Level 5:colcon.colcon_core.verb:set package 'my_box_bot_gazebo' build argument 'cmake_clean_cache' from command line to 'False'
[2.765s] Level 5:colcon.colcon_core.verb:set package 'my_box_bot_gazebo' build argument 'cmake_clean_first' from command line to 'False'
[2.765s] Level 5:colcon.colcon_core.verb:set package 'my_box_bot_gazebo' build argument 'cmake_force_configure' from command line to 'False'
[2.765s] Level 5:colcon.colcon_core.verb:set package 'my_box_bot_gazebo' build argument 'ament_cmake_args' from command line to 'None'
[2.765s] Level 5:colcon.colcon_core.verb:set package 'my_box_bot_gazebo' build argument 'catkin_cmake_args' from command line to 'None'
[2.765s] Level 5:colcon.colcon_core.verb:set package 'my_box_bot_gazebo' build argument 'catkin_skip_building_tests' from command line to 'False'
[2.765s] DEBUG:colcon.colcon_core.verb:Building package 'my_box_bot_gazebo' with the following arguments: {'ament_cmake_args': None, 'build_base': '/home/sanan/Desktop/dev_ws/build/my_box_bot_gazebo', 'catkin_cmake_args': None, 'catkin_skip_building_tests': False, 'cmake_args': None, 'cmake_clean_cache': False, 'cmake_clean_first': False, 'cmake_force_configure': False, 'cmake_target': None, 'cmake_target_skip_unavailable': False, 'install_base': '/home/sanan/Desktop/dev_ws/install/my_box_bot_gazebo', 'merge_install': False, 'path': '/home/sanan/Desktop/dev_ws/src/my_box_bot_gazebo', 'symlink_install': False, 'test_result_base': None}
[2.799s] INFO:colcon.colcon_core.executor:Executing jobs using 'parallel' executor
[2.834s] DEBUG:colcon.colcon_parallel_executor.executor.parallel:run_until_complete
[2.835s] INFO:colcon.colcon_ros.task.ament_cmake.build:Building ROS package in '/home/sanan/Desktop/dev_ws/src/basic_mobile_robot' with build type 'ament_cmake'
[2.835s] INFO:colcon.colcon_cmake.task.cmake.build:Building CMake package in '/home/sanan/Desktop/dev_ws/src/basic_mobile_robot'
[2.876s] INFO:colcon.colcon_core.plugin_system:Skipping extension 'colcon_core.shell.bat': Not used on non-Windows systems
[2.876s] INFO:colcon.colcon_core.shell:Skip shell extension 'powershell' for command environment: Not usable outside of PowerShell
[2.876s] DEBUG:colcon.colcon_core.shell:Skip shell extension 'dsv' for command environment
[3.036s] DEBUG:colcon.colcon_core.event_handler.log_command:Invoking command in '/home/sanan/Desktop/dev_ws/build/basic_mobile_robot': CMAKE_PREFIX_PATH=${CMAKE_PREFIX_PATH}:/home/sanan/nav2_ws/install/nav2_gazebo_spawner:/opt/ros/foxy /usr/bin/cmake --build /home/sanan/Desktop/dev_ws/build/basic_mobile_robot -- -j8 -l8
[3.107s] DEBUG:colcon.colcon_core.event_handler.log_command:Invoked command in '/home/sanan/Desktop/dev_ws/build/basic_mobile_robot' returned '0': CMAKE_PREFIX_PATH=${CMAKE_PREFIX_PATH}:/home/sanan/nav2_ws/install/nav2_gazebo_spawner:/opt/ros/foxy /usr/bin/cmake --build /home/sanan/Desktop/dev_ws/build/basic_mobile_robot -- -j8 -l8
[3.167s] DEBUG:colcon.colcon_core.event_handler.log_command:Invoking command in '/home/sanan/Desktop/dev_ws/build/basic_mobile_robot': CMAKE_PREFIX_PATH=${CMAKE_PREFIX_PATH}:/home/sanan/nav2_ws/install/nav2_gazebo_spawner:/opt/ros/foxy /usr/bin/cmake --install /home/sanan/Desktop/dev_ws/build/basic_mobile_robot
[3.187s] Level 1:colcon.colcon_core.environment:create_environment_scripts_only(basic_mobile_robot)
[3.189s] DEBUG:colcon.colcon_core.event_handler.log_command:Invoked command in '/home/sanan/Desktop/dev_ws/build/basic_mobile_robot' returned '0': CMAKE_PREFIX_PATH=${CMAKE_PREFIX_PATH}:/home/sanan/nav2_ws/install/nav2_gazebo_spawner:/opt/ros/foxy /usr/bin/cmake --install /home/sanan/Desktop/dev_ws/build/basic_mobile_robot
[3.243s] Level 1:colcon.colcon_core.environment:checking '/home/sanan/Desktop/dev_ws/install/basic_mobile_robot' for CMake module files
[3.244s] Level 1:colcon.colcon_core.environment:checking '/home/sanan/Desktop/dev_ws/install/basic_mobile_robot' for CMake config files
[3.244s] Level 1:colcon.colcon_core.shell:create_environment_hook('basic_mobile_robot', 'cmake_prefix_path')
[3.280s] INFO:colcon.colcon_core.shell:Creating environment hook '/home/sanan/Desktop/dev_ws/install/basic_mobile_robot/share/basic_mobile_robot/hook/cmake_prefix_path.ps1'
[3.280s] INFO:colcon.colcon_core.shell:Creating environment descriptor '/home/sanan/Desktop/dev_ws/install/basic_mobile_robot/share/basic_mobile_robot/hook/cmake_prefix_path.dsv'
[3.281s] INFO:colcon.colcon_core.shell:Creating environment hook '/home/sanan/Desktop/dev_ws/install/basic_mobile_robot/share/basic_mobile_robot/hook/cmake_prefix_path.sh'
[3.282s] Level 1:colcon.colcon_core.environment:checking '/home/sanan/Desktop/dev_ws/install/basic_mobile_robot/bin'
[3.282s] Level 1:colcon.colcon_core.environment:checking '/home/sanan/Desktop/dev_ws/install/basic_mobile_robot/lib/pkgconfig/basic_mobile_robot.pc'
[3.282s] Level 1:colcon.colcon_core.environment:checking '/home/sanan/Desktop/dev_ws/install/basic_mobile_robot/lib/python3.8/site-packages'
[3.282s] Level 1:colcon.colcon_core.environment:checking '/home/sanan/Desktop/dev_ws/install/basic_mobile_robot/bin'
[3.318s] INFO:colcon.colcon_core.shell:Creating package script '/home/sanan/Desktop/dev_ws/install/basic_mobile_robot/share/basic_mobile_robot/package.ps1'
[3.319s] INFO:colcon.colcon_core.shell:Creating package descriptor '/home/sanan/Desktop/dev_ws/install/basic_mobile_robot/share/basic_mobile_robot/package.dsv'
[3.319s] INFO:colcon.colcon_core.shell:Creating package script '/home/sanan/Desktop/dev_ws/install/basic_mobile_robot/share/basic_mobile_robot/package.sh'
[3.320s] INFO:colcon.colcon_core.shell:Creating package script '/home/sanan/Desktop/dev_ws/install/basic_mobile_robot/share/basic_mobile_robot/package.bash'
[3.320s] INFO:colcon.colcon_core.shell:Creating package script '/home/sanan/Desktop/dev_ws/install/basic_mobile_robot/share/basic_mobile_robot/package.zsh'
[3.321s] Level 1:colcon.colcon_core.environment:create_file_with_runtime_dependencies(/home/sanan/Desktop/dev_ws/install/basic_mobile_robot/share/colcon-core/packages/basic_mobile_robot)
[3.419s] Level 1:colcon.colcon_core.environment:create_environment_scripts_only(basic_mobile_robot)
[3.451s] Level 1:colcon.colcon_core.environment:checking '/home/sanan/Desktop/dev_ws/install/basic_mobile_robot' for CMake module files
[3.452s] Level 1:colcon.colcon_core.environment:checking '/home/sanan/Desktop/dev_ws/install/basic_mobile_robot' for CMake config files
[3.452s] Level 1:colcon.colcon_core.shell:create_environment_hook('basic_mobile_robot', 'cmake_prefix_path')
[3.484s] INFO:colcon.colcon_core.shell:Creating environment hook '/home/sanan/Desktop/dev_ws/install/basic_mobile_robot/share/basic_mobile_robot/hook/cmake_prefix_path.ps1'
[3.485s] INFO:colcon.colcon_core.shell:Creating environment descriptor '/home/sanan/Desktop/dev_ws/install/basic_mobile_robot/share/basic_mobile_robot/hook/cmake_prefix_path.dsv'
[3.485s] INFO:colcon.colcon_core.shell:Creating environment hook '/home/sanan/Desktop/dev_ws/install/basic_mobile_robot/share/basic_mobile_robot/hook/cmake_prefix_path.sh'
[3.486s] Level 1:colcon.colcon_core.environment:checking '/home/sanan/Desktop/dev_ws/install/basic_mobile_robot/bin'
[3.486s] Level 1:colcon.colcon_core.environment:checking '/home/sanan/Desktop/dev_ws/install/basic_mobile_robot/lib/pkgconfig/basic_mobile_robot.pc'
[3.486s] Level 1:colcon.colcon_core.environment:checking '/home/sanan/Desktop/dev_ws/install/basic_mobile_robot/lib/python3.8/site-packages'
[3.486s] Level 1:colcon.colcon_core.environment:checking '/home/sanan/Desktop/dev_ws/install/basic_mobile_robot/bin'
[3.518s] INFO:colcon.colcon_core.shell:Creating package script '/home/sanan/Desktop/dev_ws/install/basic_mobile_robot/share/basic_mobile_robot/package.ps1'
[3.519s] INFO:colcon.colcon_core.shell:Creating package descriptor '/home/sanan/Desktop/dev_ws/install/basic_mobile_robot/share/basic_mobile_robot/package.dsv'
[3.519s] INFO:colcon.colcon_core.shell:Creating package script '/home/sanan/Desktop/dev_ws/install/basic_mobile_robot/share/basic_mobile_robot/package.sh'
[3.520s] INFO:colcon.colcon_core.shell:Creating package script '/home/sanan/Desktop/dev_ws/install/basic_mobile_robot/share/basic_mobile_robot/package.bash'
[3.520s] INFO:colcon.colcon_core.shell:Creating package script '/home/sanan/Desktop/dev_ws/install/basic_mobile_robot/share/basic_mobile_robot/package.zsh'
[3.521s] Level 1:colcon.colcon_core.environment:create_file_with_runtime_dependencies(/home/sanan/Desktop/dev_ws/install/basic_mobile_robot/share/colcon-core/packages/basic_mobile_robot)
[3.521s] INFO:colcon.colcon_ros.task.ament_cmake.build:Building ROS package in '/home/sanan/Desktop/dev_ws/src/my_box_bot_gazebo' with build type 'ament_cmake'
[3.521s] INFO:colcon.colcon_cmake.task.cmake.build:Building CMake package in '/home/sanan/Desktop/dev_ws/src/my_box_bot_gazebo'
[3.562s] INFO:colcon.colcon_core.shell:Skip shell extension 'powershell' for command environment: Not usable outside of PowerShell
[3.563s] DEBUG:colcon.colcon_core.shell:Skip shell extension 'dsv' for command environment
[3.717s] DEBUG:colcon.colcon_core.event_handler.log_command:Invoking command in '/home/sanan/Desktop/dev_ws/build/my_box_bot_gazebo': CMAKE_PREFIX_PATH=/home/sanan/Desktop/dev_ws/install/basic_mobile_robot:/home/sanan/Desktop/dev_ws/install/my_box_bot_gazebo:/home/sanan/nav2_ws/install/nav2_system_tests:/home/sanan/nav2_ws/install/nav2_bringup:/home/sanan/nav2_ws/install/navigation2:/home/sanan/nav2_ws/install/smac_planner:/home/sanan/nav2_ws/install/nav2_dwb_controller:/home/sanan/nav2_ws/install/nav2_controller:/home/sanan/nav2_ws/install/dwb_plugins:/home/sanan/nav2_ws/install/dwb_critics:/home/sanan/nav2_ws/install/dwb_core:/home/sanan/nav2_ws/install/nav_2d_utils:/home/sanan/nav2_ws/install/dwb_msgs:/home/sanan/nav2_ws/install/nav_2d_msgs:/home/sanan/nav2_ws/install/nav2_waypoint_follower:/home/sanan/nav2_ws/install/nav2_regulated_pure_pursuit_controller:/home/sanan/nav2_ws/install/nav2_recoveries:/home/sanan/nav2_ws/install/nav2_planner:/home/sanan/nav2_ws/install/nav2_navfn_planner:/home/sanan/nav2_ws/install/nav2_core:/home/sanan/nav2_ws/install/costmap_queue:/home/sanan/nav2_ws/install/nav2_costmap_2d:/home/sanan/nav2_ws/install/nav2_voxel_grid:/home/sanan/nav2_ws/install/nav2_rviz_plugins:/home/sanan/nav2_ws/install/nav2_map_server:/home/sanan/nav2_ws/install/nav2_lifecycle_manager:/home/sanan/nav2_ws/install/nav2_bt_navigator:/home/sanan/nav2_ws/install/nav2_behavior_tree:/home/sanan/nav2_ws/install/nav2_amcl:/home/sanan/nav2_ws/install/nav2_util:/home/sanan/nav2_ws/install/nav2_msgs:/home/sanan/nav2_ws/install/nav2_common:/home/sanan/nav2_ws/install/nav2_gazebo_spawner:/opt/ros/foxy /usr/bin/cmake --build /home/sanan/Desktop/dev_ws/build/my_box_bot_gazebo -- -j8 -l8
[3.798s] DEBUG:colcon.colcon_core.event_handler.log_command:Invoked command in '/home/sanan/Desktop/dev_ws/build/my_box_bot_gazebo' returned '0': CMAKE_PREFIX_PATH=/home/sanan/Desktop/dev_ws/install/basic_mobile_robot:/home/sanan/Desktop/dev_ws/install/my_box_bot_gazebo:/home/sanan/nav2_ws/install/nav2_system_tests:/home/sanan/nav2_ws/install/nav2_bringup:/home/sanan/nav2_ws/install/navigation2:/home/sanan/nav2_ws/install/smac_planner:/home/sanan/nav2_ws/install/nav2_dwb_controller:/home/sanan/nav2_ws/install/nav2_controller:/home/sanan/nav2_ws/install/dwb_plugins:/home/sanan/nav2_ws/install/dwb_critics:/home/sanan/nav2_ws/install/dwb_core:/home/sanan/nav2_ws/install/nav_2d_utils:/home/sanan/nav2_ws/install/dwb_msgs:/home/sanan/nav2_ws/install/nav_2d_msgs:/home/sanan/nav2_ws/install/nav2_waypoint_follower:/home/sanan/nav2_ws/install/nav2_regulated_pure_pursuit_controller:/home/sanan/nav2_ws/install/nav2_recoveries:/home/sanan/nav2_ws/install/nav2_planner:/home/sanan/nav2_ws/install/nav2_navfn_planner:/home/sanan/nav2_ws/install/nav2_core:/home/sanan/nav2_ws/install/costmap_queue:/home/sanan/nav2_ws/install/nav2_costmap_2d:/home/sanan/nav2_ws/install/nav2_voxel_grid:/home/sanan/nav2_ws/install/nav2_rviz_plugins:/home/sanan/nav2_ws/install/nav2_map_server:/home/sanan/nav2_ws/install/nav2_lifecycle_manager:/home/sanan/nav2_ws/install/nav2_bt_navigator:/home/sanan/nav2_ws/install/nav2_behavior_tree:/home/sanan/nav2_ws/install/nav2_amcl:/home/sanan/nav2_ws/install/nav2_util:/home/sanan/nav2_ws/install/nav2_msgs:/home/sanan/nav2_ws/install/nav2_common:/home/sanan/nav2_ws/install/nav2_gazebo_spawner:/opt/ros/foxy /usr/bin/cmake --build /home/sanan/Desktop/dev_ws/build/my_box_bot_gazebo -- -j8 -l8
[3.862s] DEBUG:colcon.colcon_core.event_handler.log_command:Invoking command in '/home/sanan/Desktop/dev_ws/build/my_box_bot_gazebo': CMAKE_PREFIX_PATH=/home/sanan/Desktop/dev_ws/install/basic_mobile_robot:/home/sanan/Desktop/dev_ws/install/my_box_bot_gazebo:/home/sanan/nav2_ws/install/nav2_system_tests:/home/sanan/nav2_ws/install/nav2_bringup:/home/sanan/nav2_ws/install/navigation2:/home/sanan/nav2_ws/install/smac_planner:/home/sanan/nav2_ws/install/nav2_dwb_controller:/home/sanan/nav2_ws/install/nav2_controller:/home/sanan/nav2_ws/install/dwb_plugins:/home/sanan/nav2_ws/install/dwb_critics:/home/sanan/nav2_ws/install/dwb_core:/home/sanan/nav2_ws/install/nav_2d_utils:/home/sanan/nav2_ws/install/dwb_msgs:/home/sanan/nav2_ws/install/nav_2d_msgs:/home/sanan/nav2_ws/install/nav2_waypoint_follower:/home/sanan/nav2_ws/install/nav2_regulated_pure_pursuit_controller:/home/sanan/nav2_ws/install/nav2_recoveries:/home/sanan/nav2_ws/install/nav2_planner:/home/sanan/nav2_ws/install/nav2_navfn_planner:/home/sanan/nav2_ws/install/nav2_core:/home/sanan/nav2_ws/install/costmap_queue:/home/sanan/nav2_ws/install/nav2_costmap_2d:/home/sanan/nav2_ws/install/nav2_voxel_grid:/home/sanan/nav2_ws/install/nav2_rviz_plugins:/home/sanan/nav2_ws/install/nav2_map_server:/home/sanan/nav2_ws/install/nav2_lifecycle_manager:/home/sanan/nav2_ws/install/nav2_bt_navigator:/home/sanan/nav2_ws/install/nav2_behavior_tree:/home/sanan/nav2_ws/install/nav2_amcl:/home/sanan/nav2_ws/install/nav2_util:/home/sanan/nav2_ws/install/nav2_msgs:/home/sanan/nav2_ws/install/nav2_common:/home/sanan/nav2_ws/install/nav2_gazebo_spawner:/opt/ros/foxy /usr/bin/cmake --install /home/sanan/Desktop/dev_ws/build/my_box_bot_gazebo
[3.887s] Level 1:colcon.colcon_core.environment:create_environment_scripts_only(my_box_bot_gazebo)
[3.888s] DEBUG:colcon.colcon_core.event_handler.log_command:Invoked command in '/home/sanan/Desktop/dev_ws/build/my_box_bot_gazebo' returned '0': CMAKE_PREFIX_PATH=/home/sanan/Desktop/dev_ws/install/basic_mobile_robot:/home/sanan/Desktop/dev_ws/install/my_box_bot_gazebo:/home/sanan/nav2_ws/install/nav2_system_tests:/home/sanan/nav2_ws/install/nav2_bringup:/home/sanan/nav2_ws/install/navigation2:/home/sanan/nav2_ws/install/smac_planner:/home/sanan/nav2_ws/install/nav2_dwb_controller:/home/sanan/nav2_ws/install/nav2_controller:/home/sanan/nav2_ws/install/dwb_plugins:/home/sanan/nav2_ws/install/dwb_critics:/home/sanan/nav2_ws/install/dwb_core:/home/sanan/nav2_ws/install/nav_2d_utils:/home/sanan/nav2_ws/install/dwb_msgs:/home/sanan/nav2_ws/install/nav_2d_msgs:/home/sanan/nav2_ws/install/nav2_waypoint_follower:/home/sanan/nav2_ws/install/nav2_regulated_pure_pursuit_controller:/home/sanan/nav2_ws/install/nav2_recoveries:/home/sanan/nav2_ws/install/nav2_planner:/home/sanan/nav2_ws/install/nav2_navfn_planner:/home/sanan/nav2_ws/install/nav2_core:/home/sanan/nav2_ws/install/costmap_queue:/home/sanan/nav2_ws/install/nav2_costmap_2d:/home/sanan/nav2_ws/install/nav2_voxel_grid:/home/sanan/nav2_ws/install/nav2_rviz_plugins:/home/sanan/nav2_ws/install/nav2_map_server:/home/sanan/nav2_ws/install/nav2_lifecycle_manager:/home/sanan/nav2_ws/install/nav2_bt_navigator:/home/sanan/nav2_ws/install/nav2_behavior_tree:/home/sanan/nav2_ws/install/nav2_amcl:/home/sanan/nav2_ws/install/nav2_util:/home/sanan/nav2_ws/install/nav2_msgs:/home/sanan/nav2_ws/install/nav2_common:/home/sanan/nav2_ws/install/nav2_gazebo_spawner:/opt/ros/foxy /usr/bin/cmake --install /home/sanan/Desktop/dev_ws/build/my_box_bot_gazebo
[3.942s] Level 1:colcon.colcon_core.environment:checking '/home/sanan/Desktop/dev_ws/install/my_box_bot_gazebo' for CMake module files
[3.943s] Level 1:colcon.colcon_core.environment:checking '/home/sanan/Desktop/dev_ws/install/my_box_bot_gazebo' for CMake config files
[3.944s] Level 1:colcon.colcon_core.shell:create_environment_hook('my_box_bot_gazebo', 'cmake_prefix_path')
[3.988s] INFO:colcon.colcon_core.shell:Creating environment hook '/home/sanan/Desktop/dev_ws/install/my_box_bot_gazebo/share/my_box_bot_gazebo/hook/cmake_prefix_path.ps1'
[3.988s] INFO:colcon.colcon_core.shell:Creating environment descriptor '/home/sanan/Desktop/dev_ws/install/my_box_bot_gazebo/share/my_box_bot_gazebo/hook/cmake_prefix_path.dsv'
[3.988s] INFO:colcon.colcon_core.shell:Creating environment hook '/home/sanan/Desktop/dev_ws/install/my_box_bot_gazebo/share/my_box_bot_gazebo/hook/cmake_prefix_path.sh'
[3.989s] Level 1:colcon.colcon_core.environment:checking '/home/sanan/Desktop/dev_ws/install/my_box_bot_gazebo/bin'
[3.989s] Level 1:colcon.colcon_core.environment:checking '/home/sanan/Desktop/dev_ws/install/my_box_bot_gazebo/lib/pkgconfig/my_box_bot_gazebo.pc'
[3.990s] Level 1:colcon.colcon_core.environment:checking '/home/sanan/Desktop/dev_ws/install/my_box_bot_gazebo/lib/python3.8/site-packages'
[3.990s] Level 1:colcon.colcon_core.environment:checking '/home/sanan/Desktop/dev_ws/install/my_box_bot_gazebo/bin'
[4.031s] INFO:colcon.colcon_core.shell:Creating package script '/home/sanan/Desktop/dev_ws/install/my_box_bot_gazebo/share/my_box_bot_gazebo/package.ps1'
[4.032s] INFO:colcon.colcon_core.shell:Creating package descriptor '/home/sanan/Desktop/dev_ws/install/my_box_bot_gazebo/share/my_box_bot_gazebo/package.dsv'
[4.032s] INFO:colcon.colcon_core.shell:Creating package script '/home/sanan/Desktop/dev_ws/install/my_box_bot_gazebo/share/my_box_bot_gazebo/package.sh'
[4.033s] INFO:colcon.colcon_core.shell:Creating package script '/home/sanan/Desktop/dev_ws/install/my_box_bot_gazebo/share/my_box_bot_gazebo/package.bash'
[4.033s] INFO:colcon.colcon_core.shell:Creating package script '/home/sanan/Desktop/dev_ws/install/my_box_bot_gazebo/share/my_box_bot_gazebo/package.zsh'
[4.033s] Level 1:colcon.colcon_core.environment:create_file_with_runtime_dependencies(/home/sanan/Desktop/dev_ws/install/my_box_bot_gazebo/share/colcon-core/packages/my_box_bot_gazebo)
[4.141s] Level 1:colcon.colcon_core.environment:create_environment_scripts_only(my_box_bot_gazebo)
[4.183s] Level 1:colcon.colcon_core.environment:checking '/home/sanan/Desktop/dev_ws/install/my_box_bot_gazebo' for CMake module files
[4.183s] Level 1:colcon.colcon_core.environment:checking '/home/sanan/Desktop/dev_ws/install/my_box_bot_gazebo' for CMake config files
[4.184s] Level 1:colcon.colcon_core.shell:create_environment_hook('my_box_bot_gazebo', 'cmake_prefix_path')
[4.228s] INFO:colcon.colcon_core.shell:Creating environment hook '/home/sanan/Desktop/dev_ws/install/my_box_bot_gazebo/share/my_box_bot_gazebo/hook/cmake_prefix_path.ps1'
[4.229s] INFO:colcon.colcon_core.shell:Creating environment descriptor '/home/sanan/Desktop/dev_ws/install/my_box_bot_gazebo/share/my_box_bot_gazebo/hook/cmake_prefix_path.dsv'
[4.229s] INFO:colcon.colcon_core.shell:Creating environment hook '/home/sanan/Desktop/dev_ws/install/my_box_bot_gazebo/share/my_box_bot_gazebo/hook/cmake_prefix_path.sh'
[4.230s] Level 1:colcon.colcon_core.environment:checking '/home/sanan/Desktop/dev_ws/install/my_box_bot_gazebo/bin'
[4.230s] Level 1:colcon.colcon_core.environment:checking '/home/sanan/Desktop/dev_ws/install/my_box_bot_gazebo/lib/pkgconfig/my_box_bot_gazebo.pc'
[4.230s] Level 1:colcon.colcon_core.environment:checking '/home/sanan/Desktop/dev_ws/install/my_box_bot_gazebo/lib/python3.8/site-packages'
[4.230s] Level 1:colcon.colcon_core.environment:checking '/home/sanan/Desktop/dev_ws/install/my_box_bot_gazebo/bin'
[4.269s] INFO:colcon.colcon_core.shell:Creating package script '/home/sanan/Desktop/dev_ws/install/my_box_bot_gazebo/share/my_box_bot_gazebo/package.ps1'
[4.270s] INFO:colcon.colcon_core.shell:Creating package descriptor '/home/sanan/Desktop/dev_ws/install/my_box_bot_gazebo/share/my_box_bot_gazebo/package.dsv'
[4.270s] INFO:colcon.colcon_core.shell:Creating package script '/home/sanan/Desktop/dev_ws/install/my_box_bot_gazebo/share/my_box_bot_gazebo/package.sh'
[4.271s] INFO:colcon.colcon_core.shell:Creating package script '/home/sanan/Desktop/dev_ws/install/my_box_bot_gazebo/share/my_box_bot_gazebo/package.bash'
[4.271s] INFO:colcon.colcon_core.shell:Creating package script '/home/sanan/Desktop/dev_ws/install/my_box_bot_gazebo/share/my_box_bot_gazebo/package.zsh'
[4.272s] Level 1:colcon.colcon_core.environment:create_file_with_runtime_dependencies(/home/sanan/Desktop/dev_ws/install/my_box_bot_gazebo/share/colcon-core/packages/my_box_bot_gazebo)
[4.272s] DEBUG:colcon.colcon_parallel_executor.executor.parallel:closing loop
[4.273s] DEBUG:colcon.colcon_parallel_executor.executor.parallel:loop closed
[4.273s] DEBUG:colcon.colcon_parallel_executor.executor.parallel:run_until_complete finished with '0'
[4.273s] DEBUG:colcon.colcon_core.event_reactor:joining thread
[4.332s] INFO:colcon.colcon_core.plugin_system:Skipping extension 'colcon_notification.desktop_notification.terminal_notifier': Not used on non-Darwin systems
[4.332s] INFO:colcon.colcon_core.plugin_system:Skipping extension 'colcon_notification.desktop_notification.win32': Not used on non-Windows systems
[4.332s] INFO:colcon.colcon_notification.desktop_notification:Sending desktop notification using 'notify2'
[4.355s] DEBUG:colcon.colcon_core.event_reactor:joined thread
[4.426s] INFO:colcon.colcon_core.shell:Creating prefix script '/home/sanan/Desktop/dev_ws/install/local_setup.ps1'
[4.428s] INFO:colcon.colcon_core.shell:Creating prefix util module '/home/sanan/Desktop/dev_ws/install/_local_setup_util_ps1.py'
[4.430s] INFO:colcon.colcon_core.shell:Creating prefix chain script '/home/sanan/Desktop/dev_ws/install/setup.ps1'
[4.474s] INFO:colcon.colcon_core.shell:Creating prefix script '/home/sanan/Desktop/dev_ws/install/local_setup.sh'
[4.475s] INFO:colcon.colcon_core.shell:Creating prefix util module '/home/sanan/Desktop/dev_ws/install/_local_setup_util_sh.py'
[4.475s] INFO:colcon.colcon_core.shell:Creating prefix chain script '/home/sanan/Desktop/dev_ws/install/setup.sh'
[4.520s] INFO:colcon.colcon_core.shell:Creating prefix script '/home/sanan/Desktop/dev_ws/install/local_setup.bash'
[4.520s] INFO:colcon.colcon_core.shell:Creating prefix chain script '/home/sanan/Desktop/dev_ws/install/setup.bash'
[4.581s] INFO:colcon.colcon_core.shell:Creating prefix script '/home/sanan/Desktop/dev_ws/install/local_setup.zsh'
[4.582s] INFO:colcon.colcon_core.shell:Creating prefix chain script '/home/sanan/Desktop/dev_ws/install/setup.zsh'
