[0.153s] Invoking command in '/home/sanan/Desktop/dev_ws/build/basic_mobile_robot': CMAKE_PREFIX_PATH=${CMAKE_PREFIX_PATH}:/home/sanan/nav2_ws/install/nav2_gazebo_spawner:/opt/ros/foxy /usr/bin/cmake --build /home/sanan/Desktop/dev_ws/build/basic_mobile_robot -- -j8 -l8
[0.192s] -- Found ament_cmake: 0.9.12 (/opt/ros/foxy/share/ament_cmake/cmake)
[0.238s] -- Using PYTHON_EXECUTABLE: /usr/bin/python3
[0.446s] -- Found ament_lint_auto: 0.9.8 (/opt/ros/foxy/share/ament_lint_auto/cmake)
[0.526s] -- Added test 'copyright' to check source files copyright and LICENSE
[0.530s] -- Added test 'flake8' to check Python code syntax and style conventions
[0.531s] -- Added test 'lint_cmake' to check CMake code style
[0.532s] -- Added test 'pep257' to check Python code against some of the style conventions in PEP 257
[0.534s] -- Added test 'xmllint' to check XML markup files
[0.537s] -- Configuring done
[0.541s] -- Generating done
[0.542s] -- Build files have been written to: /home/sanan/Desktop/dev_ws/build/basic_mobile_robot
[0.577s] Invoked command in '/home/sanan/Desktop/dev_ws/build/basic_mobile_robot' returned '0': CMAKE_PREFIX_PATH=${CMAKE_PREFIX_PATH}:/home/sanan/nav2_ws/install/nav2_gazebo_spawner:/opt/ros/foxy /usr/bin/cmake --build /home/sanan/Desktop/dev_ws/build/basic_mobile_robot -- -j8 -l8
[0.650s] Invoking command in '/home/sanan/Desktop/dev_ws/build/basic_mobile_robot': CMAKE_PREFIX_PATH=${CMAKE_PREFIX_PATH}:/home/sanan/nav2_ws/install/nav2_gazebo_spawner:/opt/ros/foxy /usr/bin/cmake --install /home/sanan/Desktop/dev_ws/build/basic_mobile_robot
[0.667s] -- Install configuration: ""
[0.668s] -- Up-to-date: /home/sanan/Desktop/dev_ws/install/basic_mobile_robot/share/basic_mobile_robot/config
[0.668s] -- Installing: /home/sanan/Desktop/dev_ws/install/basic_mobile_robot/share/basic_mobile_robot/config/controller_position.yaml
[0.668s] -- Up-to-date: /home/sanan/Desktop/dev_ws/install/basic_mobile_robot/share/basic_mobile_robot/launch
[0.668s] -- Installing: /home/sanan/Desktop/dev_ws/install/basic_mobile_robot/share/basic_mobile_robot/launch/urdf_visualize_control.launch.py
[0.669s] -- Up-to-date: /home/sanan/Desktop/dev_ws/install/basic_mobile_robot/share/basic_mobile_robot/launch/basic_mobile_bot_v1.launch.py
[0.669s] -- Up-to-date: /home/sanan/Desktop/dev_ws/install/basic_mobile_robot/share/basic_mobile_robot/launch/urdf_visualize_meshes_collisions_inertias.launch.py
[0.669s] -- Up-to-date: /home/sanan/Desktop/dev_ws/install/basic_mobile_robot/share/basic_mobile_robot/maps
[0.669s] -- Up-to-date: /home/sanan/Desktop/dev_ws/install/basic_mobile_robot/share/basic_mobile_robot/meshes
[0.669s] -- Up-to-date: /home/sanan/Desktop/dev_ws/install/basic_mobile_robot/share/basic_mobile_robot/meshes/robot_base.stl
[0.669s] -- Up-to-date: /home/sanan/Desktop/dev_ws/install/basic_mobile_robot/share/basic_mobile_robot/meshes/elbow.stl
[0.670s] -- Up-to-date: /home/sanan/Desktop/dev_ws/install/basic_mobile_robot/share/basic_mobile_robot/meshes/bicep.stl
[0.670s] -- Up-to-date: /home/sanan/Desktop/dev_ws/install/basic_mobile_robot/share/basic_mobile_robot/meshes/wrist.stl
[0.670s] -- Up-to-date: /home/sanan/Desktop/dev_ws/install/basic_mobile_robot/share/basic_mobile_robot/meshes/wheel.stl
[0.670s] -- Up-to-date: /home/sanan/Desktop/dev_ws/install/basic_mobile_robot/share/basic_mobile_robot/meshes/arm_base.stl
[0.670s] -- Up-to-date: /home/sanan/Desktop/dev_ws/install/basic_mobile_robot/share/basic_mobile_robot/models
[0.670s] -- Installing: /home/sanan/Desktop/dev_ws/install/basic_mobile_robot/share/basic_mobile_robot/models/basic_mobile_bot_v1.urdf
[0.670s] -- Up-to-date: /home/sanan/Desktop/dev_ws/install/basic_mobile_robot/share/basic_mobile_robot/params
[0.670s] -- Up-to-date: /home/sanan/Desktop/dev_ws/install/basic_mobile_robot/share/basic_mobile_robot/rviz
[0.671s] -- Up-to-date: /home/sanan/Desktop/dev_ws/install/basic_mobile_robot/share/basic_mobile_robot/rviz/urdf_config.rviz
[0.671s] -- Up-to-date: /home/sanan/Desktop/dev_ws/install/basic_mobile_robot/share/basic_mobile_robot/src
[0.671s] -- Up-to-date: /home/sanan/Desktop/dev_ws/install/basic_mobile_robot/share/basic_mobile_robot/worlds
[0.671s] -- Up-to-date: /home/sanan/Desktop/dev_ws/install/basic_mobile_robot/share/ament_index/resource_index/package_run_dependencies/basic_mobile_robot
[0.671s] -- Installing: /home/sanan/Desktop/dev_ws/install/basic_mobile_robot/share/ament_index/resource_index/parent_prefix_path/basic_mobile_robot
[0.671s] -- Up-to-date: /home/sanan/Desktop/dev_ws/install/basic_mobile_robot/share/basic_mobile_robot/environment/ament_prefix_path.sh
[0.671s] -- Installing: /home/sanan/Desktop/dev_ws/install/basic_mobile_robot/share/basic_mobile_robot/environment/ament_prefix_path.dsv
[0.671s] -- Up-to-date: /home/sanan/Desktop/dev_ws/install/basic_mobile_robot/share/basic_mobile_robot/environment/path.sh
[0.672s] -- Installing: /home/sanan/Desktop/dev_ws/install/basic_mobile_robot/share/basic_mobile_robot/environment/path.dsv
[0.672s] -- Up-to-date: /home/sanan/Desktop/dev_ws/install/basic_mobile_robot/share/basic_mobile_robot/local_setup.bash
[0.672s] -- Up-to-date: /home/sanan/Desktop/dev_ws/install/basic_mobile_robot/share/basic_mobile_robot/local_setup.sh
[0.672s] -- Up-to-date: /home/sanan/Desktop/dev_ws/install/basic_mobile_robot/share/basic_mobile_robot/local_setup.zsh
[0.672s] -- Installing: /home/sanan/Desktop/dev_ws/install/basic_mobile_robot/share/basic_mobile_robot/local_setup.dsv
[0.672s] -- Installing: /home/sanan/Desktop/dev_ws/install/basic_mobile_robot/share/basic_mobile_robot/package.dsv
[0.672s] -- Up-to-date: /home/sanan/Desktop/dev_ws/install/basic_mobile_robot/share/ament_index/resource_index/packages/basic_mobile_robot
[0.672s] -- Up-to-date: /home/sanan/Desktop/dev_ws/install/basic_mobile_robot/share/basic_mobile_robot/cmake/basic_mobile_robotConfig.cmake
[0.673s] -- Up-to-date: /home/sanan/Desktop/dev_ws/install/basic_mobile_robot/share/basic_mobile_robot/cmake/basic_mobile_robotConfig-version.cmake
[0.673s] -- Up-to-date: /home/sanan/Desktop/dev_ws/install/basic_mobile_robot/share/basic_mobile_robot/package.xml
[0.674s] Invoked command in '/home/sanan/Desktop/dev_ws/build/basic_mobile_robot' returned '0': CMAKE_PREFIX_PATH=${CMAKE_PREFIX_PATH}:/home/sanan/nav2_ws/install/nav2_gazebo_spawner:/opt/ros/foxy /usr/bin/cmake --install /home/sanan/Desktop/dev_ws/build/basic_mobile_robot
