[0.156s] Invoking command in '/home/sanan/Desktop/dev_ws/build/basic_mobile_robot': CMAKE_PREFIX_PATH=${CMAKE_PREFIX_PATH}:/home/sanan/nav2_ws/install/nav2_gazebo_spawner:/opt/ros/foxy /usr/bin/cmake --build /home/sanan/Desktop/dev_ws/build/basic_mobile_robot -- -j8 -l8
[0.226s] Invoked command in '/home/sanan/Desktop/dev_ws/build/basic_mobile_robot' returned '0': CMAKE_PREFIX_PATH=${CMAKE_PREFIX_PATH}:/home/sanan/nav2_ws/install/nav2_gazebo_spawner:/opt/ros/foxy /usr/bin/cmake --build /home/sanan/Desktop/dev_ws/build/basic_mobile_robot -- -j8 -l8
[0.295s] Invoking command in '/home/sanan/Desktop/dev_ws/build/basic_mobile_robot': CMAKE_PREFIX_PATH=${CMAKE_PREFIX_PATH}:/home/sanan/nav2_ws/install/nav2_gazebo_spawner:/opt/ros/foxy /usr/bin/cmake --install /home/sanan/Desktop/dev_ws/build/basic_mobile_robot
[0.308s] -- Install configuration: ""
[0.308s] -- Up-to-date: /home/sanan/Desktop/dev_ws/install/basic_mobile_robot/share/basic_mobile_robot/config
[0.308s] -- Up-to-date: /home/sanan/Desktop/dev_ws/install/basic_mobile_robot/share/basic_mobile_robot/launch
[0.308s] -- Up-to-date: /home/sanan/Desktop/dev_ws/install/basic_mobile_robot/share/basic_mobile_robot/launch/basic_mobile_bot_v1.launch.py
[0.308s] -- Up-to-date: /home/sanan/Desktop/dev_ws/install/basic_mobile_robot/share/basic_mobile_robot/launch/urdf_visualize_meshes_collisions_inertias.launch.py
[0.308s] -- Up-to-date: /home/sanan/Desktop/dev_ws/install/basic_mobile_robot/share/basic_mobile_robot/maps
[0.308s] -- Up-to-date: /home/sanan/Desktop/dev_ws/install/basic_mobile_robot/share/basic_mobile_robot/meshes
[0.309s] -- Up-to-date: /home/sanan/Desktop/dev_ws/install/basic_mobile_robot/share/basic_mobile_robot/models
[0.309s] -- Up-to-date: /home/sanan/Desktop/dev_ws/install/basic_mobile_robot/share/basic_mobile_robot/models/basic_mobile_bot_v1.urdf
[0.309s] -- Up-to-date: /home/sanan/Desktop/dev_ws/install/basic_mobile_robot/share/basic_mobile_robot/params
[0.309s] -- Up-to-date: /home/sanan/Desktop/dev_ws/install/basic_mobile_robot/share/basic_mobile_robot/rviz
[0.309s] -- Up-to-date: /home/sanan/Desktop/dev_ws/install/basic_mobile_robot/share/basic_mobile_robot/rviz/urdf_config.rviz
[0.309s] -- Up-to-date: /home/sanan/Desktop/dev_ws/install/basic_mobile_robot/share/basic_mobile_robot/src
[0.309s] -- Up-to-date: /home/sanan/Desktop/dev_ws/install/basic_mobile_robot/share/basic_mobile_robot/worlds
[0.310s] -- Up-to-date: /home/sanan/Desktop/dev_ws/install/basic_mobile_robot/share/ament_index/resource_index/package_run_dependencies/basic_mobile_robot
[0.311s] -- Up-to-date: /home/sanan/Desktop/dev_ws/install/basic_mobile_robot/share/ament_index/resource_index/parent_prefix_path/basic_mobile_robot
[0.311s] -- Up-to-date: /home/sanan/Desktop/dev_ws/install/basic_mobile_robot/share/basic_mobile_robot/environment/ament_prefix_path.sh
[0.311s] -- Up-to-date: /home/sanan/Desktop/dev_ws/install/basic_mobile_robot/share/basic_mobile_robot/environment/ament_prefix_path.dsv
[0.311s] -- Up-to-date: /home/sanan/Desktop/dev_ws/install/basic_mobile_robot/share/basic_mobile_robot/environment/path.sh
[0.311s] -- Up-to-date: /home/sanan/Desktop/dev_ws/install/basic_mobile_robot/share/basic_mobile_robot/environment/path.dsv
[0.311s] -- Up-to-date: /home/sanan/Desktop/dev_ws/install/basic_mobile_robot/share/basic_mobile_robot/local_setup.bash
[0.311s] -- Up-to-date: /home/sanan/Desktop/dev_ws/install/basic_mobile_robot/share/basic_mobile_robot/local_setup.sh
[0.311s] -- Up-to-date: /home/sanan/Desktop/dev_ws/install/basic_mobile_robot/share/basic_mobile_robot/local_setup.zsh
[0.312s] -- Up-to-date: /home/sanan/Desktop/dev_ws/install/basic_mobile_robot/share/basic_mobile_robot/local_setup.dsv
[0.312s] -- Installing: /home/sanan/Desktop/dev_ws/install/basic_mobile_robot/share/basic_mobile_robot/package.dsv
[0.312s] -- Up-to-date: /home/sanan/Desktop/dev_ws/install/basic_mobile_robot/share/ament_index/resource_index/packages/basic_mobile_robot
[0.312s] -- Up-to-date: /home/sanan/Desktop/dev_ws/install/basic_mobile_robot/share/basic_mobile_robot/cmake/basic_mobile_robotConfig.cmake
[0.312s] -- Up-to-date: /home/sanan/Desktop/dev_ws/install/basic_mobile_robot/share/basic_mobile_robot/cmake/basic_mobile_robotConfig-version.cmake
[0.312s] -- Up-to-date: /home/sanan/Desktop/dev_ws/install/basic_mobile_robot/share/basic_mobile_robot/package.xml
[0.312s] Invoked command in '/home/sanan/Desktop/dev_ws/build/basic_mobile_robot' returned '0': CMAKE_PREFIX_PATH=${CMAKE_PREFIX_PATH}:/home/sanan/nav2_ws/install/nav2_gazebo_spawner:/opt/ros/foxy /usr/bin/cmake --install /home/sanan/Desktop/dev_ws/build/basic_mobile_robot
