[1.738s] DEBUG:colcon:Command line arguments: ['/usr/bin/colcon', 'build']
[1.738s] DEBUG:colcon:Parsed command line arguments: Namespace(allow_overriding=[], ament_cmake_args=None, base_paths=['.'], build_base='build', catkin_cmake_args=None, catkin_skip_building_tests=False, cmake_args=None, cmake_clean_cache=False, cmake_clean_first=False, cmake_force_configure=False, cmake_target=None, cmake_target_skip_unavailable=False, continue_on_error=False, event_handlers=None, executor='parallel', ignore_user_meta=False, install_base='install', log_base=None, log_level=None, main=<bound method BuildVerb.main of <colcon_core.verb.build.BuildVerb object at 0x7fd63e64d490>>, merge_install=False, metas=['./colcon.meta'], packages_above=None, packages_above_and_dependencies=None, packages_above_depth=None, packages_end=None, packages_ignore=None, packages_ignore_regex=None, packages_select=None, packages_select_build_failed=False, packages_select_by_dep=None, packages_select_regex=None, packages_select_test_failures=False, packages_skip=None, packages_skip_build_finished=False, packages_skip_by_dep=None, packages_skip_regex=None, packages_skip_test_passed=False, packages_skip_up_to=None, packages_start=None, packages_up_to=None, packages_up_to_regex=None, parallel_workers=8, paths=None, symlink_install=False, test_result_base=None, verb_extension=<colcon_core.verb.build.BuildVerb object at 0x7fd63e64d490>, verb_name='build', verb_parser=<colcon_defaults.argument_parser.defaults.DefaultArgumentsDecorator object at 0x7fd63e8821f0>)
[1.820s] Level 1:colcon.colcon_core.package_discovery:discover_packages(colcon_meta) check parameters
[1.820s] Level 1:colcon.colcon_core.package_discovery:discover_packages(recursive) check parameters
[1.820s] Level 1:colcon.colcon_core.package_discovery:discover_packages(ignore) check parameters
[1.820s] Level 1:colcon.colcon_core.package_discovery:discover_packages(path) check parameters
[1.820s] Level 1:colcon.colcon_core.package_discovery:discover_packages(colcon_meta) discover
[1.820s] Level 1:colcon.colcon_core.package_discovery:discover_packages(recursive) discover
[1.820s] INFO:colcon.colcon_core.package_discovery:Crawling recursively for packages in '/home/sanan/Desktop/dev_ws'
[1.820s] Level 1:colcon.colcon_core.package_identification:_identify(.) by extensions ['ignore', 'ignore_ament_install']
[1.820s] Level 1:colcon.colcon_core.package_identification:_identify(.) by extension 'ignore'
[1.820s] Level 1:colcon.colcon_core.package_identification:_identify(.) by extension 'ignore_ament_install'
[1.820s] Level 1:colcon.colcon_core.package_identification:_identify(.) by extensions ['colcon_pkg']
[1.820s] Level 1:colcon.colcon_core.package_identification:_identify(.) by extension 'colcon_pkg'
[1.820s] Level 1:colcon.colcon_core.package_identification:_identify(.) by extensions ['colcon_meta']
[1.820s] Level 1:colcon.colcon_core.package_identification:_identify(.) by extension 'colcon_meta'
[1.820s] Level 1:colcon.colcon_core.package_identification:_identify(.) by extensions ['ros']
[1.820s] Level 1:colcon.colcon_core.package_identification:_identify(.) by extension 'ros'
[1.830s] Level 1:colcon.colcon_core.package_identification:_identify(.) by extensions ['cmake', 'python']
[1.830s] Level 1:colcon.colcon_core.package_identification:_identify(.) by extension 'cmake'
[1.830s] Level 1:colcon.colcon_core.package_identification:_identify(.) by extension 'python'
[1.830s] Level 1:colcon.colcon_core.package_identification:_identify(.) by extensions ['python_setup_py']
[1.830s] Level 1:colcon.colcon_core.package_identification:_identify(.) by extension 'python_setup_py'
[1.831s] Level 1:colcon.colcon_core.package_identification:_identify(build) by extensions ['ignore', 'ignore_ament_install']
[1.831s] Level 1:colcon.colcon_core.package_identification:_identify(build) by extension 'ignore'
[1.831s] Level 1:colcon.colcon_core.package_identification:_identify(build) ignored
[1.831s] Level 1:colcon.colcon_core.package_identification:_identify(install) by extensions ['ignore', 'ignore_ament_install']
[1.831s] Level 1:colcon.colcon_core.package_identification:_identify(install) by extension 'ignore'
[1.831s] Level 1:colcon.colcon_core.package_identification:_identify(install) ignored
[1.831s] Level 1:colcon.colcon_core.package_identification:_identify(log) by extensions ['ignore', 'ignore_ament_install']
[1.831s] Level 1:colcon.colcon_core.package_identification:_identify(log) by extension 'ignore'
[1.831s] Level 1:colcon.colcon_core.package_identification:_identify(log) ignored
[1.831s] Level 1:colcon.colcon_core.package_identification:_identify(src) by extensions ['ignore', 'ignore_ament_install']
[1.831s] Level 1:colcon.colcon_core.package_identification:_identify(src) by extension 'ignore'
[1.831s] Level 1:colcon.colcon_core.package_identification:_identify(src) by extension 'ignore_ament_install'
[1.831s] Level 1:colcon.colcon_core.package_identification:_identify(src) by extensions ['colcon_pkg']
[1.831s] Level 1:colcon.colcon_core.package_identification:_identify(src) by extension 'colcon_pkg'
[1.831s] Level 1:colcon.colcon_core.package_identification:_identify(src) by extensions ['colcon_meta']
[1.831s] Level 1:colcon.colcon_core.package_identification:_identify(src) by extension 'colcon_meta'
[1.831s] Level 1:colcon.colcon_core.package_identification:_identify(src) by extensions ['ros']
[1.831s] Level 1:colcon.colcon_core.package_identification:_identify(src) by extension 'ros'
[1.832s] Level 1:colcon.colcon_core.package_identification:_identify(src) by extensions ['cmake', 'python']
[1.832s] Level 1:colcon.colcon_core.package_identification:_identify(src) by extension 'cmake'
[1.832s] Level 1:colcon.colcon_core.package_identification:_identify(src) by extension 'python'
[1.832s] Level 1:colcon.colcon_core.package_identification:_identify(src) by extensions ['python_setup_py']
[1.832s] Level 1:colcon.colcon_core.package_identification:_identify(src) by extension 'python_setup_py'
[1.832s] Level 1:colcon.colcon_core.package_identification:_identify(src/basic_mobile_robot) by extensions ['ignore', 'ignore_ament_install']
[1.832s] Level 1:colcon.colcon_core.package_identification:_identify(src/basic_mobile_robot) by extension 'ignore'
[1.832s] Level 1:colcon.colcon_core.package_identification:_identify(src/basic_mobile_robot) by extension 'ignore_ament_install'
[1.832s] Level 1:colcon.colcon_core.package_identification:_identify(src/basic_mobile_robot) by extensions ['colcon_pkg']
[1.832s] Level 1:colcon.colcon_core.package_identification:_identify(src/basic_mobile_robot) by extension 'colcon_pkg'
[1.832s] Level 1:colcon.colcon_core.package_identification:_identify(src/basic_mobile_robot) by extensions ['colcon_meta']
[1.832s] Level 1:colcon.colcon_core.package_identification:_identify(src/basic_mobile_robot) by extension 'colcon_meta'
[1.832s] Level 1:colcon.colcon_core.package_identification:_identify(src/basic_mobile_robot) by extensions ['ros']
[1.832s] Level 1:colcon.colcon_core.package_identification:_identify(src/basic_mobile_robot) by extension 'ros'
[1.834s] DEBUG:colcon.colcon_core.package_identification:Package 'src/basic_mobile_robot' with type 'ros.ament_cmake' and name 'basic_mobile_robot'
[1.834s] Level 1:colcon.colcon_core.package_identification:_identify(src/my_box_bot_gazebo) by extensions ['ignore', 'ignore_ament_install']
[1.834s] Level 1:colcon.colcon_core.package_identification:_identify(src/my_box_bot_gazebo) by extension 'ignore'
[1.835s] Level 1:colcon.colcon_core.package_identification:_identify(src/my_box_bot_gazebo) by extension 'ignore_ament_install'
[1.835s] Level 1:colcon.colcon_core.package_identification:_identify(src/my_box_bot_gazebo) by extensions ['colcon_pkg']
[1.835s] Level 1:colcon.colcon_core.package_identification:_identify(src/my_box_bot_gazebo) by extension 'colcon_pkg'
[1.835s] Level 1:colcon.colcon_core.package_identification:_identify(src/my_box_bot_gazebo) by extensions ['colcon_meta']
[1.835s] Level 1:colcon.colcon_core.package_identification:_identify(src/my_box_bot_gazebo) by extension 'colcon_meta'
[1.835s] Level 1:colcon.colcon_core.package_identification:_identify(src/my_box_bot_gazebo) by extensions ['ros']
[1.835s] Level 1:colcon.colcon_core.package_identification:_identify(src/my_box_bot_gazebo) by extension 'ros'
[1.835s] DEBUG:colcon.colcon_core.package_identification:Package 'src/my_box_bot_gazebo' with type 'ros.ament_cmake' and name 'my_box_bot_gazebo'
[1.835s] Level 1:colcon.colcon_core.package_discovery:discover_packages(recursive) using defaults
[1.835s] Level 1:colcon.colcon_core.package_discovery:discover_packages(ignore) discover
[1.835s] Level 1:colcon.colcon_core.package_discovery:discover_packages(ignore) using defaults
[1.835s] Level 1:colcon.colcon_core.package_discovery:discover_packages(path) discover
[1.835s] Level 1:colcon.colcon_core.package_discovery:discover_packages(path) using defaults
[2.007s] Level 1:colcon.colcon_core.package_discovery:discover_packages(prefix_path) check parameters
[2.007s] Level 1:colcon.colcon_core.package_discovery:discover_packages(prefix_path) discover
[2.070s] DEBUG:colcon.colcon_installed_package_information.package_discovery:Found 2 installed packages in /home/sanan/Desktop/dev_ws/install
[2.099s] DEBUG:colcon.colcon_installed_package_information.package_discovery:Found 31 installed packages in /home/sanan/nav2_ws/install
[2.129s] DEBUG:colcon.colcon_installed_package_information.package_discovery:Found 371 installed packages in /opt/ros/foxy
[2.131s] Level 1:colcon.colcon_core.package_discovery:discover_packages(prefix_path) using defaults
[2.271s] Level 5:colcon.colcon_core.verb:set package 'basic_mobile_robot' build argument 'cmake_args' from command line to 'None'
[2.271s] Level 5:colcon.colcon_core.verb:set package 'basic_mobile_robot' build argument 'cmake_target' from command line to 'None'
[2.271s] Level 5:colcon.colcon_core.verb:set package 'basic_mobile_robot' build argument 'cmake_target_skip_unavailable' from command line to 'False'
[2.271s] Level 5:colcon.colcon_core.verb:set package 'basic_mobile_robot' build argument 'cmake_clean_cache' from command line to 'False'
[2.271s] Level 5:colcon.colcon_core.verb:set package 'basic_mobile_robot' build argument 'cmake_clean_first' from command line to 'False'
[2.271s] Level 5:colcon.colcon_core.verb:set package 'basic_mobile_robot' build argument 'cmake_force_configure' from command line to 'False'
[2.271s] Level 5:colcon.colcon_core.verb:set package 'basic_mobile_robot' build argument 'ament_cmake_args' from command line to 'None'
[2.271s] Level 5:colcon.colcon_core.verb:set package 'basic_mobile_robot' build argument 'catkin_cmake_args' from command line to 'None'
[2.271s] Level 5:colcon.colcon_core.verb:set package 'basic_mobile_robot' build argument 'catkin_skip_building_tests' from command line to 'False'
[2.271s] DEBUG:colcon.colcon_core.verb:Building package 'basic_mobile_robot' with the following arguments: {'ament_cmake_args': None, 'build_base': '/home/sanan/Desktop/dev_ws/build/basic_mobile_robot', 'catkin_cmake_args': None, 'catkin_skip_building_tests': False, 'cmake_args': None, 'cmake_clean_cache': False, 'cmake_clean_first': False, 'cmake_force_configure': False, 'cmake_target': None, 'cmake_target_skip_unavailable': False, 'install_base': '/home/sanan/Desktop/dev_ws/install/basic_mobile_robot', 'merge_install': False, 'path': '/home/sanan/Desktop/dev_ws/src/basic_mobile_robot', 'symlink_install': False, 'test_result_base': None}
[2.311s] Level 5:colcon.colcon_core.verb:set package 'my_box_bot_gazebo' build argument 'cmake_args' from command line to 'None'
[2.312s] Level 5:colcon.colcon_core.verb:set package 'my_box_bot_gazebo' build argument 'cmake_target' from command line to 'None'
[2.312s] Level 5:colcon.colcon_core.verb:set package 'my_box_bot_gazebo' build argument 'cmake_target_skip_unavailable' from command line to 'False'
[2.312s] Level 5:colcon.colcon_core.verb:set package 'my_box_bot_gazebo' build argument 'cmake_clean_cache' from command line to 'False'
[2.312s] Level 5:colcon.colcon_core.verb:set package 'my_box_bot_gazebo' build argument 'cmake_clean_first' from command line to 'False'
[2.312s] Level 5:colcon.colcon_core.verb:set package 'my_box_bot_gazebo' build argument 'cmake_force_configure' from command line to 'False'
[2.312s] Level 5:colcon.colcon_core.verb:set package 'my_box_bot_gazebo' build argument 'ament_cmake_args' from command line to 'None'
[2.312s] Level 5:colcon.colcon_core.verb:set package 'my_box_bot_gazebo' build argument 'catkin_cmake_args' from command line to 'None'
[2.312s] Level 5:colcon.colcon_core.verb:set package 'my_box_bot_gazebo' build argument 'catkin_skip_building_tests' from command line to 'False'
[2.312s] DEBUG:colcon.colcon_core.verb:Building package 'my_box_bot_gazebo' with the following arguments: {'ament_cmake_args': None, 'build_base': '/home/sanan/Desktop/dev_ws/build/my_box_bot_gazebo', 'catkin_cmake_args': None, 'catkin_skip_building_tests': False, 'cmake_args': None, 'cmake_clean_cache': False, 'cmake_clean_first': False, 'cmake_force_configure': False, 'cmake_target': None, 'cmake_target_skip_unavailable': False, 'install_base': '/home/sanan/Desktop/dev_ws/install/my_box_bot_gazebo', 'merge_install': False, 'path': '/home/sanan/Desktop/dev_ws/src/my_box_bot_gazebo', 'symlink_install': False, 'test_result_base': None}
[2.341s] INFO:colcon.colcon_core.executor:Executing jobs using 'parallel' executor
[2.373s] DEBUG:colcon.colcon_parallel_executor.executor.parallel:run_until_complete
[2.373s] INFO:colcon.colcon_ros.task.ament_cmake.build:Building ROS package in '/home/sanan/Desktop/dev_ws/src/basic_mobile_robot' with build type 'ament_cmake'
[2.374s] INFO:colcon.colcon_cmake.task.cmake.build:Building CMake package in '/home/sanan/Desktop/dev_ws/src/basic_mobile_robot'
[2.411s] INFO:colcon.colcon_core.plugin_system:Skipping extension 'colcon_core.shell.bat': Not used on non-Windows systems
[2.412s] INFO:colcon.colcon_core.shell:Skip shell extension 'powershell' for command environment: Not usable outside of PowerShell
[2.412s] DEBUG:colcon.colcon_core.shell:Skip shell extension 'dsv' for command environment
[2.559s] DEBUG:colcon.colcon_core.event_handler.log_command:Invoking command in '/home/sanan/Desktop/dev_ws/build/basic_mobile_robot': CMAKE_PREFIX_PATH=${CMAKE_PREFIX_PATH}:/home/sanan/nav2_ws/install/nav2_gazebo_spawner:/opt/ros/foxy /usr/bin/cmake --build /home/sanan/Desktop/dev_ws/build/basic_mobile_robot -- -j8 -l8
[2.626s] DEBUG:colcon.colcon_core.event_handler.log_command:Invoked command in '/home/sanan/Desktop/dev_ws/build/basic_mobile_robot' returned '0': CMAKE_PREFIX_PATH=${CMAKE_PREFIX_PATH}:/home/sanan/nav2_ws/install/nav2_gazebo_spawner:/opt/ros/foxy /usr/bin/cmake --build /home/sanan/Desktop/dev_ws/build/basic_mobile_robot -- -j8 -l8
[2.702s] DEBUG:colcon.colcon_core.event_handler.log_command:Invoking command in '/home/sanan/Desktop/dev_ws/build/basic_mobile_robot': CMAKE_PREFIX_PATH=${CMAKE_PREFIX_PATH}:/home/sanan/nav2_ws/install/nav2_gazebo_spawner:/opt/ros/foxy /usr/bin/cmake --install /home/sanan/Desktop/dev_ws/build/basic_mobile_robot
[2.724s] Level 1:colcon.colcon_core.environment:create_environment_scripts_only(basic_mobile_robot)
[2.726s] DEBUG:colcon.colcon_core.event_handler.log_command:Invoked command in '/home/sanan/Desktop/dev_ws/build/basic_mobile_robot' returned '0': CMAKE_PREFIX_PATH=${CMAKE_PREFIX_PATH}:/home/sanan/nav2_ws/install/nav2_gazebo_spawner:/opt/ros/foxy /usr/bin/cmake --install /home/sanan/Desktop/dev_ws/build/basic_mobile_robot
[2.782s] Level 1:colcon.colcon_core.environment:checking '/home/sanan/Desktop/dev_ws/install/basic_mobile_robot' for CMake module files
[2.783s] Level 1:colcon.colcon_core.environment:checking '/home/sanan/Desktop/dev_ws/install/basic_mobile_robot' for CMake config files
[2.783s] Level 1:colcon.colcon_core.shell:create_environment_hook('basic_mobile_robot', 'cmake_prefix_path')
[2.823s] INFO:colcon.colcon_core.shell:Creating environment hook '/home/sanan/Desktop/dev_ws/install/basic_mobile_robot/share/basic_mobile_robot/hook/cmake_prefix_path.ps1'
[2.824s] INFO:colcon.colcon_core.shell:Creating environment descriptor '/home/sanan/Desktop/dev_ws/install/basic_mobile_robot/share/basic_mobile_robot/hook/cmake_prefix_path.dsv'
[2.824s] INFO:colcon.colcon_core.shell:Creating environment hook '/home/sanan/Desktop/dev_ws/install/basic_mobile_robot/share/basic_mobile_robot/hook/cmake_prefix_path.sh'
[2.825s] Level 1:colcon.colcon_core.environment:checking '/home/sanan/Desktop/dev_ws/install/basic_mobile_robot/bin'
[2.825s] Level 1:colcon.colcon_core.environment:checking '/home/sanan/Desktop/dev_ws/install/basic_mobile_robot/lib/pkgconfig/basic_mobile_robot.pc'
[2.826s] Level 1:colcon.colcon_core.environment:checking '/home/sanan/Desktop/dev_ws/install/basic_mobile_robot/lib/python3.8/site-packages'
[2.826s] Level 1:colcon.colcon_core.environment:checking '/home/sanan/Desktop/dev_ws/install/basic_mobile_robot/bin'
[2.861s] INFO:colcon.colcon_core.shell:Creating package script '/home/sanan/Desktop/dev_ws/install/basic_mobile_robot/share/basic_mobile_robot/package.ps1'
[2.861s] INFO:colcon.colcon_core.shell:Creating package descriptor '/home/sanan/Desktop/dev_ws/install/basic_mobile_robot/share/basic_mobile_robot/package.dsv'
[2.862s] INFO:colcon.colcon_core.shell:Creating package script '/home/sanan/Desktop/dev_ws/install/basic_mobile_robot/share/basic_mobile_robot/package.sh'
[2.863s] INFO:colcon.colcon_core.shell:Creating package script '/home/sanan/Desktop/dev_ws/install/basic_mobile_robot/share/basic_mobile_robot/package.bash'
[2.863s] INFO:colcon.colcon_core.shell:Creating package script '/home/sanan/Desktop/dev_ws/install/basic_mobile_robot/share/basic_mobile_robot/package.zsh'
[2.864s] Level 1:colcon.colcon_core.environment:create_file_with_runtime_dependencies(/home/sanan/Desktop/dev_ws/install/basic_mobile_robot/share/colcon-core/packages/basic_mobile_robot)
[2.956s] Level 1:colcon.colcon_core.environment:create_environment_scripts_only(basic_mobile_robot)
[2.991s] Level 1:colcon.colcon_core.environment:checking '/home/sanan/Desktop/dev_ws/install/basic_mobile_robot' for CMake module files
[2.991s] Level 1:colcon.colcon_core.environment:checking '/home/sanan/Desktop/dev_ws/install/basic_mobile_robot' for CMake config files
[2.992s] Level 1:colcon.colcon_core.shell:create_environment_hook('basic_mobile_robot', 'cmake_prefix_path')
[3.026s] INFO:colcon.colcon_core.shell:Creating environment hook '/home/sanan/Desktop/dev_ws/install/basic_mobile_robot/share/basic_mobile_robot/hook/cmake_prefix_path.ps1'
[3.027s] INFO:colcon.colcon_core.shell:Creating environment descriptor '/home/sanan/Desktop/dev_ws/install/basic_mobile_robot/share/basic_mobile_robot/hook/cmake_prefix_path.dsv'
[3.027s] INFO:colcon.colcon_core.shell:Creating environment hook '/home/sanan/Desktop/dev_ws/install/basic_mobile_robot/share/basic_mobile_robot/hook/cmake_prefix_path.sh'
[3.027s] Level 1:colcon.colcon_core.environment:checking '/home/sanan/Desktop/dev_ws/install/basic_mobile_robot/bin'
[3.027s] Level 1:colcon.colcon_core.environment:checking '/home/sanan/Desktop/dev_ws/install/basic_mobile_robot/lib/pkgconfig/basic_mobile_robot.pc'
[3.028s] Level 1:colcon.colcon_core.environment:checking '/home/sanan/Desktop/dev_ws/install/basic_mobile_robot/lib/python3.8/site-packages'
[3.028s] Level 1:colcon.colcon_core.environment:checking '/home/sanan/Desktop/dev_ws/install/basic_mobile_robot/bin'
[3.058s] INFO:colcon.colcon_core.shell:Creating package script '/home/sanan/Desktop/dev_ws/install/basic_mobile_robot/share/basic_mobile_robot/package.ps1'
[3.058s] INFO:colcon.colcon_core.shell:Creating package descriptor '/home/sanan/Desktop/dev_ws/install/basic_mobile_robot/share/basic_mobile_robot/package.dsv'
[3.059s] INFO:colcon.colcon_core.shell:Creating package script '/home/sanan/Desktop/dev_ws/install/basic_mobile_robot/share/basic_mobile_robot/package.sh'
[3.059s] INFO:colcon.colcon_core.shell:Creating package script '/home/sanan/Desktop/dev_ws/install/basic_mobile_robot/share/basic_mobile_robot/package.bash'
[3.060s] INFO:colcon.colcon_core.shell:Creating package script '/home/sanan/Desktop/dev_ws/install/basic_mobile_robot/share/basic_mobile_robot/package.zsh'
[3.060s] Level 1:colcon.colcon_core.environment:create_file_with_runtime_dependencies(/home/sanan/Desktop/dev_ws/install/basic_mobile_robot/share/colcon-core/packages/basic_mobile_robot)
[3.060s] INFO:colcon.colcon_ros.task.ament_cmake.build:Building ROS package in '/home/sanan/Desktop/dev_ws/src/my_box_bot_gazebo' with build type 'ament_cmake'
[3.061s] INFO:colcon.colcon_cmake.task.cmake.build:Building CMake package in '/home/sanan/Desktop/dev_ws/src/my_box_bot_gazebo'
[3.101s] INFO:colcon.colcon_core.shell:Skip shell extension 'powershell' for command environment: Not usable outside of PowerShell
[3.101s] DEBUG:colcon.colcon_core.shell:Skip shell extension 'dsv' for command environment
[3.241s] DEBUG:colcon.colcon_core.event_handler.log_command:Invoking command in '/home/sanan/Desktop/dev_ws/build/my_box_bot_gazebo': CMAKE_PREFIX_PATH=/home/sanan/Desktop/dev_ws/install/basic_mobile_robot:/home/sanan/Desktop/dev_ws/install/my_box_bot_gazebo:/home/sanan/nav2_ws/install/nav2_system_tests:/home/sanan/nav2_ws/install/nav2_bringup:/home/sanan/nav2_ws/install/navigation2:/home/sanan/nav2_ws/install/smac_planner:/home/sanan/nav2_ws/install/nav2_dwb_controller:/home/sanan/nav2_ws/install/nav2_controller:/home/sanan/nav2_ws/install/dwb_plugins:/home/sanan/nav2_ws/install/dwb_critics:/home/sanan/nav2_ws/install/dwb_core:/home/sanan/nav2_ws/install/nav_2d_utils:/home/sanan/nav2_ws/install/dwb_msgs:/home/sanan/nav2_ws/install/nav_2d_msgs:/home/sanan/nav2_ws/install/nav2_waypoint_follower:/home/sanan/nav2_ws/install/nav2_regulated_pure_pursuit_controller:/home/sanan/nav2_ws/install/nav2_recoveries:/home/sanan/nav2_ws/install/nav2_planner:/home/sanan/nav2_ws/install/nav2_navfn_planner:/home/sanan/nav2_ws/install/nav2_core:/home/sanan/nav2_ws/install/costmap_queue:/home/sanan/nav2_ws/install/nav2_costmap_2d:/home/sanan/nav2_ws/install/nav2_voxel_grid:/home/sanan/nav2_ws/install/nav2_rviz_plugins:/home/sanan/nav2_ws/install/nav2_map_server:/home/sanan/nav2_ws/install/nav2_lifecycle_manager:/home/sanan/nav2_ws/install/nav2_bt_navigator:/home/sanan/nav2_ws/install/nav2_behavior_tree:/home/sanan/nav2_ws/install/nav2_amcl:/home/sanan/nav2_ws/install/nav2_util:/home/sanan/nav2_ws/install/nav2_msgs:/home/sanan/nav2_ws/install/nav2_common:/home/sanan/nav2_ws/install/nav2_gazebo_spawner:/opt/ros/foxy /usr/bin/cmake --build /home/sanan/Desktop/dev_ws/build/my_box_bot_gazebo -- -j8 -l8
[3.303s] DEBUG:colcon.colcon_core.event_handler.log_command:Invoked command in '/home/sanan/Desktop/dev_ws/build/my_box_bot_gazebo' returned '0': CMAKE_PREFIX_PATH=/home/sanan/Desktop/dev_ws/install/basic_mobile_robot:/home/sanan/Desktop/dev_ws/install/my_box_bot_gazebo:/home/sanan/nav2_ws/install/nav2_system_tests:/home/sanan/nav2_ws/install/nav2_bringup:/home/sanan/nav2_ws/install/navigation2:/home/sanan/nav2_ws/install/smac_planner:/home/sanan/nav2_ws/install/nav2_dwb_controller:/home/sanan/nav2_ws/install/nav2_controller:/home/sanan/nav2_ws/install/dwb_plugins:/home/sanan/nav2_ws/install/dwb_critics:/home/sanan/nav2_ws/install/dwb_core:/home/sanan/nav2_ws/install/nav_2d_utils:/home/sanan/nav2_ws/install/dwb_msgs:/home/sanan/nav2_ws/install/nav_2d_msgs:/home/sanan/nav2_ws/install/nav2_waypoint_follower:/home/sanan/nav2_ws/install/nav2_regulated_pure_pursuit_controller:/home/sanan/nav2_ws/install/nav2_recoveries:/home/sanan/nav2_ws/install/nav2_planner:/home/sanan/nav2_ws/install/nav2_navfn_planner:/home/sanan/nav2_ws/install/nav2_core:/home/sanan/nav2_ws/install/costmap_queue:/home/sanan/nav2_ws/install/nav2_costmap_2d:/home/sanan/nav2_ws/install/nav2_voxel_grid:/home/sanan/nav2_ws/install/nav2_rviz_plugins:/home/sanan/nav2_ws/install/nav2_map_server:/home/sanan/nav2_ws/install/nav2_lifecycle_manager:/home/sanan/nav2_ws/install/nav2_bt_navigator:/home/sanan/nav2_ws/install/nav2_behavior_tree:/home/sanan/nav2_ws/install/nav2_amcl:/home/sanan/nav2_ws/install/nav2_util:/home/sanan/nav2_ws/install/nav2_msgs:/home/sanan/nav2_ws/install/nav2_common:/home/sanan/nav2_ws/install/nav2_gazebo_spawner:/opt/ros/foxy /usr/bin/cmake --build /home/sanan/Desktop/dev_ws/build/my_box_bot_gazebo -- -j8 -l8
[3.363s] DEBUG:colcon.colcon_core.event_handler.log_command:Invoking command in '/home/sanan/Desktop/dev_ws/build/my_box_bot_gazebo': CMAKE_PREFIX_PATH=/home/sanan/Desktop/dev_ws/install/basic_mobile_robot:/home/sanan/Desktop/dev_ws/install/my_box_bot_gazebo:/home/sanan/nav2_ws/install/nav2_system_tests:/home/sanan/nav2_ws/install/nav2_bringup:/home/sanan/nav2_ws/install/navigation2:/home/sanan/nav2_ws/install/smac_planner:/home/sanan/nav2_ws/install/nav2_dwb_controller:/home/sanan/nav2_ws/install/nav2_controller:/home/sanan/nav2_ws/install/dwb_plugins:/home/sanan/nav2_ws/install/dwb_critics:/home/sanan/nav2_ws/install/dwb_core:/home/sanan/nav2_ws/install/nav_2d_utils:/home/sanan/nav2_ws/install/dwb_msgs:/home/sanan/nav2_ws/install/nav_2d_msgs:/home/sanan/nav2_ws/install/nav2_waypoint_follower:/home/sanan/nav2_ws/install/nav2_regulated_pure_pursuit_controller:/home/sanan/nav2_ws/install/nav2_recoveries:/home/sanan/nav2_ws/install/nav2_planner:/home/sanan/nav2_ws/install/nav2_navfn_planner:/home/sanan/nav2_ws/install/nav2_core:/home/sanan/nav2_ws/install/costmap_queue:/home/sanan/nav2_ws/install/nav2_costmap_2d:/home/sanan/nav2_ws/install/nav2_voxel_grid:/home/sanan/nav2_ws/install/nav2_rviz_plugins:/home/sanan/nav2_ws/install/nav2_map_server:/home/sanan/nav2_ws/install/nav2_lifecycle_manager:/home/sanan/nav2_ws/install/nav2_bt_navigator:/home/sanan/nav2_ws/install/nav2_behavior_tree:/home/sanan/nav2_ws/install/nav2_amcl:/home/sanan/nav2_ws/install/nav2_util:/home/sanan/nav2_ws/install/nav2_msgs:/home/sanan/nav2_ws/install/nav2_common:/home/sanan/nav2_ws/install/nav2_gazebo_spawner:/opt/ros/foxy /usr/bin/cmake --install /home/sanan/Desktop/dev_ws/build/my_box_bot_gazebo
[3.390s] Level 1:colcon.colcon_core.environment:create_environment_scripts_only(my_box_bot_gazebo)
[3.392s] DEBUG:colcon.colcon_core.event_handler.log_command:Invoked command in '/home/sanan/Desktop/dev_ws/build/my_box_bot_gazebo' returned '0': CMAKE_PREFIX_PATH=/home/sanan/Desktop/dev_ws/install/basic_mobile_robot:/home/sanan/Desktop/dev_ws/install/my_box_bot_gazebo:/home/sanan/nav2_ws/install/nav2_system_tests:/home/sanan/nav2_ws/install/nav2_bringup:/home/sanan/nav2_ws/install/navigation2:/home/sanan/nav2_ws/install/smac_planner:/home/sanan/nav2_ws/install/nav2_dwb_controller:/home/sanan/nav2_ws/install/nav2_controller:/home/sanan/nav2_ws/install/dwb_plugins:/home/sanan/nav2_ws/install/dwb_critics:/home/sanan/nav2_ws/install/dwb_core:/home/sanan/nav2_ws/install/nav_2d_utils:/home/sanan/nav2_ws/install/dwb_msgs:/home/sanan/nav2_ws/install/nav_2d_msgs:/home/sanan/nav2_ws/install/nav2_waypoint_follower:/home/sanan/nav2_ws/install/nav2_regulated_pure_pursuit_controller:/home/sanan/nav2_ws/install/nav2_recoveries:/home/sanan/nav2_ws/install/nav2_planner:/home/sanan/nav2_ws/install/nav2_navfn_planner:/home/sanan/nav2_ws/install/nav2_core:/home/sanan/nav2_ws/install/costmap_queue:/home/sanan/nav2_ws/install/nav2_costmap_2d:/home/sanan/nav2_ws/install/nav2_voxel_grid:/home/sanan/nav2_ws/install/nav2_rviz_plugins:/home/sanan/nav2_ws/install/nav2_map_server:/home/sanan/nav2_ws/install/nav2_lifecycle_manager:/home/sanan/nav2_ws/install/nav2_bt_navigator:/home/sanan/nav2_ws/install/nav2_behavior_tree:/home/sanan/nav2_ws/install/nav2_amcl:/home/sanan/nav2_ws/install/nav2_util:/home/sanan/nav2_ws/install/nav2_msgs:/home/sanan/nav2_ws/install/nav2_common:/home/sanan/nav2_ws/install/nav2_gazebo_spawner:/opt/ros/foxy /usr/bin/cmake --install /home/sanan/Desktop/dev_ws/build/my_box_bot_gazebo
[3.439s] Level 1:colcon.colcon_core.environment:checking '/home/sanan/Desktop/dev_ws/install/my_box_bot_gazebo' for CMake module files
[3.439s] Level 1:colcon.colcon_core.environment:checking '/home/sanan/Desktop/dev_ws/install/my_box_bot_gazebo' for CMake config files
[3.440s] Level 1:colcon.colcon_core.shell:create_environment_hook('my_box_bot_gazebo', 'cmake_prefix_path')
[3.472s] INFO:colcon.colcon_core.shell:Creating environment hook '/home/sanan/Desktop/dev_ws/install/my_box_bot_gazebo/share/my_box_bot_gazebo/hook/cmake_prefix_path.ps1'
[3.472s] INFO:colcon.colcon_core.shell:Creating environment descriptor '/home/sanan/Desktop/dev_ws/install/my_box_bot_gazebo/share/my_box_bot_gazebo/hook/cmake_prefix_path.dsv'
[3.472s] INFO:colcon.colcon_core.shell:Creating environment hook '/home/sanan/Desktop/dev_ws/install/my_box_bot_gazebo/share/my_box_bot_gazebo/hook/cmake_prefix_path.sh'
[3.473s] Level 1:colcon.colcon_core.environment:checking '/home/sanan/Desktop/dev_ws/install/my_box_bot_gazebo/bin'
[3.473s] Level 1:colcon.colcon_core.environment:checking '/home/sanan/Desktop/dev_ws/install/my_box_bot_gazebo/lib/pkgconfig/my_box_bot_gazebo.pc'
[3.473s] Level 1:colcon.colcon_core.environment:checking '/home/sanan/Desktop/dev_ws/install/my_box_bot_gazebo/lib/python3.8/site-packages'
[3.473s] Level 1:colcon.colcon_core.environment:checking '/home/sanan/Desktop/dev_ws/install/my_box_bot_gazebo/bin'
[3.505s] INFO:colcon.colcon_core.shell:Creating package script '/home/sanan/Desktop/dev_ws/install/my_box_bot_gazebo/share/my_box_bot_gazebo/package.ps1'
[3.506s] INFO:colcon.colcon_core.shell:Creating package descriptor '/home/sanan/Desktop/dev_ws/install/my_box_bot_gazebo/share/my_box_bot_gazebo/package.dsv'
[3.506s] INFO:colcon.colcon_core.shell:Creating package script '/home/sanan/Desktop/dev_ws/install/my_box_bot_gazebo/share/my_box_bot_gazebo/package.sh'
[3.506s] INFO:colcon.colcon_core.shell:Creating package script '/home/sanan/Desktop/dev_ws/install/my_box_bot_gazebo/share/my_box_bot_gazebo/package.bash'
[3.507s] INFO:colcon.colcon_core.shell:Creating package script '/home/sanan/Desktop/dev_ws/install/my_box_bot_gazebo/share/my_box_bot_gazebo/package.zsh'
[3.507s] Level 1:colcon.colcon_core.environment:create_file_with_runtime_dependencies(/home/sanan/Desktop/dev_ws/install/my_box_bot_gazebo/share/colcon-core/packages/my_box_bot_gazebo)
[3.604s] Level 1:colcon.colcon_core.environment:create_environment_scripts_only(my_box_bot_gazebo)
[3.639s] Level 1:colcon.colcon_core.environment:checking '/home/sanan/Desktop/dev_ws/install/my_box_bot_gazebo' for CMake module files
[3.639s] Level 1:colcon.colcon_core.environment:checking '/home/sanan/Desktop/dev_ws/install/my_box_bot_gazebo' for CMake config files
[3.640s] Level 1:colcon.colcon_core.shell:create_environment_hook('my_box_bot_gazebo', 'cmake_prefix_path')
[3.670s] INFO:colcon.colcon_core.shell:Creating environment hook '/home/sanan/Desktop/dev_ws/install/my_box_bot_gazebo/share/my_box_bot_gazebo/hook/cmake_prefix_path.ps1'
[3.671s] INFO:colcon.colcon_core.shell:Creating environment descriptor '/home/sanan/Desktop/dev_ws/install/my_box_bot_gazebo/share/my_box_bot_gazebo/hook/cmake_prefix_path.dsv'
[3.671s] INFO:colcon.colcon_core.shell:Creating environment hook '/home/sanan/Desktop/dev_ws/install/my_box_bot_gazebo/share/my_box_bot_gazebo/hook/cmake_prefix_path.sh'
[3.672s] Level 1:colcon.colcon_core.environment:checking '/home/sanan/Desktop/dev_ws/install/my_box_bot_gazebo/bin'
[3.672s] Level 1:colcon.colcon_core.environment:checking '/home/sanan/Desktop/dev_ws/install/my_box_bot_gazebo/lib/pkgconfig/my_box_bot_gazebo.pc'
[3.672s] Level 1:colcon.colcon_core.environment:checking '/home/sanan/Desktop/dev_ws/install/my_box_bot_gazebo/lib/python3.8/site-packages'
[3.672s] Level 1:colcon.colcon_core.environment:checking '/home/sanan/Desktop/dev_ws/install/my_box_bot_gazebo/bin'
[3.703s] INFO:colcon.colcon_core.shell:Creating package script '/home/sanan/Desktop/dev_ws/install/my_box_bot_gazebo/share/my_box_bot_gazebo/package.ps1'
[3.703s] INFO:colcon.colcon_core.shell:Creating package descriptor '/home/sanan/Desktop/dev_ws/install/my_box_bot_gazebo/share/my_box_bot_gazebo/package.dsv'
[3.704s] INFO:colcon.colcon_core.shell:Creating package script '/home/sanan/Desktop/dev_ws/install/my_box_bot_gazebo/share/my_box_bot_gazebo/package.sh'
[3.704s] INFO:colcon.colcon_core.shell:Creating package script '/home/sanan/Desktop/dev_ws/install/my_box_bot_gazebo/share/my_box_bot_gazebo/package.bash'
[3.704s] INFO:colcon.colcon_core.shell:Creating package script '/home/sanan/Desktop/dev_ws/install/my_box_bot_gazebo/share/my_box_bot_gazebo/package.zsh'
[3.705s] Level 1:colcon.colcon_core.environment:create_file_with_runtime_dependencies(/home/sanan/Desktop/dev_ws/install/my_box_bot_gazebo/share/colcon-core/packages/my_box_bot_gazebo)
[3.705s] DEBUG:colcon.colcon_parallel_executor.executor.parallel:closing loop
[3.706s] DEBUG:colcon.colcon_parallel_executor.executor.parallel:loop closed
[3.706s] DEBUG:colcon.colcon_parallel_executor.executor.parallel:run_until_complete finished with '0'
[3.706s] DEBUG:colcon.colcon_core.event_reactor:joining thread
[3.763s] INFO:colcon.colcon_core.plugin_system:Skipping extension 'colcon_notification.desktop_notification.terminal_notifier': Not used on non-Darwin systems
[3.763s] INFO:colcon.colcon_core.plugin_system:Skipping extension 'colcon_notification.desktop_notification.win32': Not used on non-Windows systems
[3.763s] INFO:colcon.colcon_notification.desktop_notification:Sending desktop notification using 'notify2'
[3.783s] DEBUG:colcon.colcon_core.event_reactor:joined thread
[3.842s] INFO:colcon.colcon_core.shell:Creating prefix script '/home/sanan/Desktop/dev_ws/install/local_setup.ps1'
[3.843s] INFO:colcon.colcon_core.shell:Creating prefix util module '/home/sanan/Desktop/dev_ws/install/_local_setup_util_ps1.py'
[3.845s] INFO:colcon.colcon_core.shell:Creating prefix chain script '/home/sanan/Desktop/dev_ws/install/setup.ps1'
[3.884s] INFO:colcon.colcon_core.shell:Creating prefix script '/home/sanan/Desktop/dev_ws/install/local_setup.sh'
[3.884s] INFO:colcon.colcon_core.shell:Creating prefix util module '/home/sanan/Desktop/dev_ws/install/_local_setup_util_sh.py'
[3.885s] INFO:colcon.colcon_core.shell:Creating prefix chain script '/home/sanan/Desktop/dev_ws/install/setup.sh'
[3.922s] INFO:colcon.colcon_core.shell:Creating prefix script '/home/sanan/Desktop/dev_ws/install/local_setup.bash'
[3.922s] INFO:colcon.colcon_core.shell:Creating prefix chain script '/home/sanan/Desktop/dev_ws/install/setup.bash'
[3.972s] INFO:colcon.colcon_core.shell:Creating prefix script '/home/sanan/Desktop/dev_ws/install/local_setup.zsh'
[3.972s] INFO:colcon.colcon_core.shell:Creating prefix chain script '/home/sanan/Desktop/dev_ws/install/setup.zsh'
